   1              		.cpu cortex-m3
   2              		.eabi_attribute 20, 1
   3              		.eabi_attribute 21, 1
   4              		.eabi_attribute 23, 3
   5              		.eabi_attribute 24, 1
   6              		.eabi_attribute 25, 1
   7              		.eabi_attribute 26, 1
   8              		.eabi_attribute 30, 2
   9              		.eabi_attribute 34, 1
  10              		.eabi_attribute 18, 4
  11              		.file	"stm32f10x_dma.c"
  12              		.text
  13              	.Ltext0:
  14              		.cfi_sections	.debug_frame
  15              		.section	.text.DMA_DeInit,"ax",%progbits
  16              		.align	1
  17              		.p2align 2,,3
  18              		.global	DMA_DeInit
  19              		.syntax unified
  20              		.thumb
  21              		.thumb_func
  22              		.fpu softvfp
  24              	DMA_DeInit:
  25              	.LFB27:
  26              		.file 1 "Libraries/STM32F10x_StdPeriph_Driver/src/stm32f10x_dma.c"
   1:Libraries/STM32F10x_StdPeriph_Driver/src/stm32f10x_dma.c **** /**
   2:Libraries/STM32F10x_StdPeriph_Driver/src/stm32f10x_dma.c ****   ******************************************************************************
   3:Libraries/STM32F10x_StdPeriph_Driver/src/stm32f10x_dma.c ****   * @file    stm32f10x_dma.c
   4:Libraries/STM32F10x_StdPeriph_Driver/src/stm32f10x_dma.c ****   * @author  MCD Application Team
   5:Libraries/STM32F10x_StdPeriph_Driver/src/stm32f10x_dma.c ****   * @version V3.1.2
   6:Libraries/STM32F10x_StdPeriph_Driver/src/stm32f10x_dma.c ****   * @date    09/28/2009
   7:Libraries/STM32F10x_StdPeriph_Driver/src/stm32f10x_dma.c ****   * @brief   This file provides all the DMA firmware functions.
   8:Libraries/STM32F10x_StdPeriph_Driver/src/stm32f10x_dma.c ****   ******************************************************************************
   9:Libraries/STM32F10x_StdPeriph_Driver/src/stm32f10x_dma.c ****   * @copy
  10:Libraries/STM32F10x_StdPeriph_Driver/src/stm32f10x_dma.c ****   *
  11:Libraries/STM32F10x_StdPeriph_Driver/src/stm32f10x_dma.c ****   * THE PRESENT FIRMWARE WHICH IS FOR GUIDANCE ONLY AIMS AT PROVIDING CUSTOMERS
  12:Libraries/STM32F10x_StdPeriph_Driver/src/stm32f10x_dma.c ****   * WITH CODING INFORMATION REGARDING THEIR PRODUCTS IN ORDER FOR THEM TO SAVE
  13:Libraries/STM32F10x_StdPeriph_Driver/src/stm32f10x_dma.c ****   * TIME. AS A RESULT, STMICROELECTRONICS SHALL NOT BE HELD LIABLE FOR ANY
  14:Libraries/STM32F10x_StdPeriph_Driver/src/stm32f10x_dma.c ****   * DIRECT, INDIRECT OR CONSEQUENTIAL DAMAGES WITH RESPECT TO ANY CLAIMS ARISING
  15:Libraries/STM32F10x_StdPeriph_Driver/src/stm32f10x_dma.c ****   * FROM THE CONTENT OF SUCH FIRMWARE AND/OR THE USE MADE BY CUSTOMERS OF THE
  16:Libraries/STM32F10x_StdPeriph_Driver/src/stm32f10x_dma.c ****   * CODING INFORMATION CONTAINED HEREIN IN CONNECTION WITH THEIR PRODUCTS.
  17:Libraries/STM32F10x_StdPeriph_Driver/src/stm32f10x_dma.c ****   *
  18:Libraries/STM32F10x_StdPeriph_Driver/src/stm32f10x_dma.c ****   * <h2><center>&copy; COPYRIGHT 2009 STMicroelectronics</center></h2>
  19:Libraries/STM32F10x_StdPeriph_Driver/src/stm32f10x_dma.c ****   */ 
  20:Libraries/STM32F10x_StdPeriph_Driver/src/stm32f10x_dma.c **** 
  21:Libraries/STM32F10x_StdPeriph_Driver/src/stm32f10x_dma.c **** /* Includes ------------------------------------------------------------------*/
  22:Libraries/STM32F10x_StdPeriph_Driver/src/stm32f10x_dma.c **** #include "stm32f10x_dma.h"
  23:Libraries/STM32F10x_StdPeriph_Driver/src/stm32f10x_dma.c **** #include "stm32f10x_rcc.h"
  24:Libraries/STM32F10x_StdPeriph_Driver/src/stm32f10x_dma.c **** 
  25:Libraries/STM32F10x_StdPeriph_Driver/src/stm32f10x_dma.c **** /** @addtogroup STM32F10x_StdPeriph_Driver
  26:Libraries/STM32F10x_StdPeriph_Driver/src/stm32f10x_dma.c ****   * @{
  27:Libraries/STM32F10x_StdPeriph_Driver/src/stm32f10x_dma.c ****   */
  28:Libraries/STM32F10x_StdPeriph_Driver/src/stm32f10x_dma.c **** 
  29:Libraries/STM32F10x_StdPeriph_Driver/src/stm32f10x_dma.c **** /** @defgroup DMA 
  30:Libraries/STM32F10x_StdPeriph_Driver/src/stm32f10x_dma.c ****   * @brief DMA driver modules
  31:Libraries/STM32F10x_StdPeriph_Driver/src/stm32f10x_dma.c ****   * @{
  32:Libraries/STM32F10x_StdPeriph_Driver/src/stm32f10x_dma.c ****   */ 
  33:Libraries/STM32F10x_StdPeriph_Driver/src/stm32f10x_dma.c **** 
  34:Libraries/STM32F10x_StdPeriph_Driver/src/stm32f10x_dma.c **** /** @defgroup DMA_Private_TypesDefinitions
  35:Libraries/STM32F10x_StdPeriph_Driver/src/stm32f10x_dma.c ****   * @{
  36:Libraries/STM32F10x_StdPeriph_Driver/src/stm32f10x_dma.c ****   */ 
  37:Libraries/STM32F10x_StdPeriph_Driver/src/stm32f10x_dma.c **** /**
  38:Libraries/STM32F10x_StdPeriph_Driver/src/stm32f10x_dma.c ****   * @}
  39:Libraries/STM32F10x_StdPeriph_Driver/src/stm32f10x_dma.c ****   */
  40:Libraries/STM32F10x_StdPeriph_Driver/src/stm32f10x_dma.c **** 
  41:Libraries/STM32F10x_StdPeriph_Driver/src/stm32f10x_dma.c **** /** @defgroup DMA_Private_Defines
  42:Libraries/STM32F10x_StdPeriph_Driver/src/stm32f10x_dma.c ****   * @{
  43:Libraries/STM32F10x_StdPeriph_Driver/src/stm32f10x_dma.c ****   */
  44:Libraries/STM32F10x_StdPeriph_Driver/src/stm32f10x_dma.c **** 
  45:Libraries/STM32F10x_StdPeriph_Driver/src/stm32f10x_dma.c **** /* DMA ENABLE mask */
  46:Libraries/STM32F10x_StdPeriph_Driver/src/stm32f10x_dma.c **** #define CCR_ENABLE_Set          ((uint32_t)0x00000001)
  47:Libraries/STM32F10x_StdPeriph_Driver/src/stm32f10x_dma.c **** #define CCR_ENABLE_Reset        ((uint32_t)0xFFFFFFFE)
  48:Libraries/STM32F10x_StdPeriph_Driver/src/stm32f10x_dma.c **** 
  49:Libraries/STM32F10x_StdPeriph_Driver/src/stm32f10x_dma.c **** /* DMA1 Channelx interrupt pending bit masks */
  50:Libraries/STM32F10x_StdPeriph_Driver/src/stm32f10x_dma.c **** #define DMA1_Channel1_IT_Mask    ((uint32_t)0x0000000F)
  51:Libraries/STM32F10x_StdPeriph_Driver/src/stm32f10x_dma.c **** #define DMA1_Channel2_IT_Mask    ((uint32_t)0x000000F0)
  52:Libraries/STM32F10x_StdPeriph_Driver/src/stm32f10x_dma.c **** #define DMA1_Channel3_IT_Mask    ((uint32_t)0x00000F00)
  53:Libraries/STM32F10x_StdPeriph_Driver/src/stm32f10x_dma.c **** #define DMA1_Channel4_IT_Mask    ((uint32_t)0x0000F000)
  54:Libraries/STM32F10x_StdPeriph_Driver/src/stm32f10x_dma.c **** #define DMA1_Channel5_IT_Mask    ((uint32_t)0x000F0000)
  55:Libraries/STM32F10x_StdPeriph_Driver/src/stm32f10x_dma.c **** #define DMA1_Channel6_IT_Mask    ((uint32_t)0x00F00000)
  56:Libraries/STM32F10x_StdPeriph_Driver/src/stm32f10x_dma.c **** #define DMA1_Channel7_IT_Mask    ((uint32_t)0x0F000000)
  57:Libraries/STM32F10x_StdPeriph_Driver/src/stm32f10x_dma.c **** 
  58:Libraries/STM32F10x_StdPeriph_Driver/src/stm32f10x_dma.c **** /* DMA2 Channelx interrupt pending bit masks */
  59:Libraries/STM32F10x_StdPeriph_Driver/src/stm32f10x_dma.c **** #define DMA2_Channel1_IT_Mask    ((uint32_t)0x0000000F)
  60:Libraries/STM32F10x_StdPeriph_Driver/src/stm32f10x_dma.c **** #define DMA2_Channel2_IT_Mask    ((uint32_t)0x000000F0)
  61:Libraries/STM32F10x_StdPeriph_Driver/src/stm32f10x_dma.c **** #define DMA2_Channel3_IT_Mask    ((uint32_t)0x00000F00)
  62:Libraries/STM32F10x_StdPeriph_Driver/src/stm32f10x_dma.c **** #define DMA2_Channel4_IT_Mask    ((uint32_t)0x0000F000)
  63:Libraries/STM32F10x_StdPeriph_Driver/src/stm32f10x_dma.c **** #define DMA2_Channel5_IT_Mask    ((uint32_t)0x000F0000)
  64:Libraries/STM32F10x_StdPeriph_Driver/src/stm32f10x_dma.c **** 
  65:Libraries/STM32F10x_StdPeriph_Driver/src/stm32f10x_dma.c **** /* DMA2 FLAG mask */
  66:Libraries/STM32F10x_StdPeriph_Driver/src/stm32f10x_dma.c **** #define FLAG_Mask                ((uint32_t)0x10000000)
  67:Libraries/STM32F10x_StdPeriph_Driver/src/stm32f10x_dma.c **** 
  68:Libraries/STM32F10x_StdPeriph_Driver/src/stm32f10x_dma.c **** /* DMA registers Masks */
  69:Libraries/STM32F10x_StdPeriph_Driver/src/stm32f10x_dma.c **** #define CCR_CLEAR_Mask           ((uint32_t)0xFFFF800F)
  70:Libraries/STM32F10x_StdPeriph_Driver/src/stm32f10x_dma.c **** 
  71:Libraries/STM32F10x_StdPeriph_Driver/src/stm32f10x_dma.c **** /**
  72:Libraries/STM32F10x_StdPeriph_Driver/src/stm32f10x_dma.c ****   * @}
  73:Libraries/STM32F10x_StdPeriph_Driver/src/stm32f10x_dma.c ****   */
  74:Libraries/STM32F10x_StdPeriph_Driver/src/stm32f10x_dma.c **** 
  75:Libraries/STM32F10x_StdPeriph_Driver/src/stm32f10x_dma.c **** /** @defgroup DMA_Private_Macros
  76:Libraries/STM32F10x_StdPeriph_Driver/src/stm32f10x_dma.c ****   * @{
  77:Libraries/STM32F10x_StdPeriph_Driver/src/stm32f10x_dma.c ****   */
  78:Libraries/STM32F10x_StdPeriph_Driver/src/stm32f10x_dma.c **** 
  79:Libraries/STM32F10x_StdPeriph_Driver/src/stm32f10x_dma.c **** /**
  80:Libraries/STM32F10x_StdPeriph_Driver/src/stm32f10x_dma.c ****   * @}
  81:Libraries/STM32F10x_StdPeriph_Driver/src/stm32f10x_dma.c ****   */
  82:Libraries/STM32F10x_StdPeriph_Driver/src/stm32f10x_dma.c **** 
  83:Libraries/STM32F10x_StdPeriph_Driver/src/stm32f10x_dma.c **** /** @defgroup DMA_Private_Variables
  84:Libraries/STM32F10x_StdPeriph_Driver/src/stm32f10x_dma.c ****   * @{
  85:Libraries/STM32F10x_StdPeriph_Driver/src/stm32f10x_dma.c ****   */
  86:Libraries/STM32F10x_StdPeriph_Driver/src/stm32f10x_dma.c **** 
  87:Libraries/STM32F10x_StdPeriph_Driver/src/stm32f10x_dma.c **** /**
  88:Libraries/STM32F10x_StdPeriph_Driver/src/stm32f10x_dma.c ****   * @}
  89:Libraries/STM32F10x_StdPeriph_Driver/src/stm32f10x_dma.c ****   */
  90:Libraries/STM32F10x_StdPeriph_Driver/src/stm32f10x_dma.c **** 
  91:Libraries/STM32F10x_StdPeriph_Driver/src/stm32f10x_dma.c **** /** @defgroup DMA_Private_FunctionPrototypes
  92:Libraries/STM32F10x_StdPeriph_Driver/src/stm32f10x_dma.c ****   * @{
  93:Libraries/STM32F10x_StdPeriph_Driver/src/stm32f10x_dma.c ****   */
  94:Libraries/STM32F10x_StdPeriph_Driver/src/stm32f10x_dma.c **** 
  95:Libraries/STM32F10x_StdPeriph_Driver/src/stm32f10x_dma.c **** /**
  96:Libraries/STM32F10x_StdPeriph_Driver/src/stm32f10x_dma.c ****   * @}
  97:Libraries/STM32F10x_StdPeriph_Driver/src/stm32f10x_dma.c ****   */
  98:Libraries/STM32F10x_StdPeriph_Driver/src/stm32f10x_dma.c **** 
  99:Libraries/STM32F10x_StdPeriph_Driver/src/stm32f10x_dma.c **** /** @defgroup DMA_Private_Functions
 100:Libraries/STM32F10x_StdPeriph_Driver/src/stm32f10x_dma.c ****   * @{
 101:Libraries/STM32F10x_StdPeriph_Driver/src/stm32f10x_dma.c ****   */
 102:Libraries/STM32F10x_StdPeriph_Driver/src/stm32f10x_dma.c **** 
 103:Libraries/STM32F10x_StdPeriph_Driver/src/stm32f10x_dma.c **** /**
 104:Libraries/STM32F10x_StdPeriph_Driver/src/stm32f10x_dma.c ****   * @brief  Deinitializes the DMAy Channelx registers to their default reset
 105:Libraries/STM32F10x_StdPeriph_Driver/src/stm32f10x_dma.c ****   *   values.
 106:Libraries/STM32F10x_StdPeriph_Driver/src/stm32f10x_dma.c ****   * @param  DMAy_Channelx: where y can be 1 or 2 to select the DMA and
 107:Libraries/STM32F10x_StdPeriph_Driver/src/stm32f10x_dma.c ****   *   x can be 1 to 7 for DMA1 and 1 to 5 for DMA2 to select the DMA Channel.
 108:Libraries/STM32F10x_StdPeriph_Driver/src/stm32f10x_dma.c ****   * @retval None
 109:Libraries/STM32F10x_StdPeriph_Driver/src/stm32f10x_dma.c ****   */
 110:Libraries/STM32F10x_StdPeriph_Driver/src/stm32f10x_dma.c **** void DMA_DeInit(DMA_Channel_TypeDef* DMAy_Channelx)
 111:Libraries/STM32F10x_StdPeriph_Driver/src/stm32f10x_dma.c **** {
  27              		.loc 1 111 0
  28              		.cfi_startproc
  29              		@ args = 0, pretend = 0, frame = 0
  30              		@ frame_needed = 0, uses_anonymous_args = 0
  31              		@ link register save eliminated.
  32              	.LVL0:
 112:Libraries/STM32F10x_StdPeriph_Driver/src/stm32f10x_dma.c ****   /* Check the parameters */
 113:Libraries/STM32F10x_StdPeriph_Driver/src/stm32f10x_dma.c ****   assert_param(IS_DMA_ALL_PERIPH(DMAy_Channelx));
 114:Libraries/STM32F10x_StdPeriph_Driver/src/stm32f10x_dma.c ****   /* Disable the selected DMAy Channelx */
 115:Libraries/STM32F10x_StdPeriph_Driver/src/stm32f10x_dma.c ****   DMAy_Channelx->CCR &= CCR_ENABLE_Reset;
 116:Libraries/STM32F10x_StdPeriph_Driver/src/stm32f10x_dma.c ****   /* Reset DMAy Channelx control register */
 117:Libraries/STM32F10x_StdPeriph_Driver/src/stm32f10x_dma.c ****   DMAy_Channelx->CCR  = 0;
  33              		.loc 1 117 0
  34 0000 0023     		movs	r3, #0
 115:Libraries/STM32F10x_StdPeriph_Driver/src/stm32f10x_dma.c ****   /* Reset DMAy Channelx control register */
  35              		.loc 1 115 0
  36 0002 0268     		ldr	r2, [r0]
 118:Libraries/STM32F10x_StdPeriph_Driver/src/stm32f10x_dma.c ****   
 119:Libraries/STM32F10x_StdPeriph_Driver/src/stm32f10x_dma.c ****   /* Reset DMAy Channelx remaining bytes register */
 120:Libraries/STM32F10x_StdPeriph_Driver/src/stm32f10x_dma.c ****   DMAy_Channelx->CNDTR = 0;
 121:Libraries/STM32F10x_StdPeriph_Driver/src/stm32f10x_dma.c ****   
 122:Libraries/STM32F10x_StdPeriph_Driver/src/stm32f10x_dma.c ****   /* Reset DMAy Channelx peripheral address register */
 123:Libraries/STM32F10x_StdPeriph_Driver/src/stm32f10x_dma.c ****   DMAy_Channelx->CPAR  = 0;
 124:Libraries/STM32F10x_StdPeriph_Driver/src/stm32f10x_dma.c ****   
 125:Libraries/STM32F10x_StdPeriph_Driver/src/stm32f10x_dma.c ****   /* Reset DMAy Channelx memory address register */
 126:Libraries/STM32F10x_StdPeriph_Driver/src/stm32f10x_dma.c ****   DMAy_Channelx->CMAR = 0;
 127:Libraries/STM32F10x_StdPeriph_Driver/src/stm32f10x_dma.c ****   
 128:Libraries/STM32F10x_StdPeriph_Driver/src/stm32f10x_dma.c ****   if (DMAy_Channelx == DMA1_Channel1)
  37              		.loc 1 128 0
  38 0004 3949     		ldr	r1, .L26
 115:Libraries/STM32F10x_StdPeriph_Driver/src/stm32f10x_dma.c ****   /* Reset DMAy Channelx control register */
  39              		.loc 1 115 0
  40 0006 22F00102 		bic	r2, r2, #1
  41              		.loc 1 128 0
  42 000a 8842     		cmp	r0, r1
 115:Libraries/STM32F10x_StdPeriph_Driver/src/stm32f10x_dma.c ****   /* Reset DMAy Channelx control register */
  43              		.loc 1 115 0
  44 000c 0260     		str	r2, [r0]
 117:Libraries/STM32F10x_StdPeriph_Driver/src/stm32f10x_dma.c ****   
  45              		.loc 1 117 0
  46 000e 0360     		str	r3, [r0]
 120:Libraries/STM32F10x_StdPeriph_Driver/src/stm32f10x_dma.c ****   
  47              		.loc 1 120 0
  48 0010 4360     		str	r3, [r0, #4]
 123:Libraries/STM32F10x_StdPeriph_Driver/src/stm32f10x_dma.c ****   
  49              		.loc 1 123 0
  50 0012 8360     		str	r3, [r0, #8]
 126:Libraries/STM32F10x_StdPeriph_Driver/src/stm32f10x_dma.c ****   
  51              		.loc 1 126 0
  52 0014 C360     		str	r3, [r0, #12]
  53              		.loc 1 128 0
  54 0016 26D0     		beq	.L15
 129:Libraries/STM32F10x_StdPeriph_Driver/src/stm32f10x_dma.c ****   {
 130:Libraries/STM32F10x_StdPeriph_Driver/src/stm32f10x_dma.c ****     /* Reset interrupt pending bits for DMA1 Channel1 */
 131:Libraries/STM32F10x_StdPeriph_Driver/src/stm32f10x_dma.c ****     DMA1->IFCR |= DMA1_Channel1_IT_Mask;
 132:Libraries/STM32F10x_StdPeriph_Driver/src/stm32f10x_dma.c ****   }
 133:Libraries/STM32F10x_StdPeriph_Driver/src/stm32f10x_dma.c ****   else if (DMAy_Channelx == DMA1_Channel2)
  55              		.loc 1 133 0
  56 0018 354B     		ldr	r3, .L26+4
  57 001a 9842     		cmp	r0, r3
  58 001c 35D0     		beq	.L16
 134:Libraries/STM32F10x_StdPeriph_Driver/src/stm32f10x_dma.c ****   {
 135:Libraries/STM32F10x_StdPeriph_Driver/src/stm32f10x_dma.c ****     /* Reset interrupt pending bits for DMA1 Channel2 */
 136:Libraries/STM32F10x_StdPeriph_Driver/src/stm32f10x_dma.c ****     DMA1->IFCR |= DMA1_Channel2_IT_Mask;
 137:Libraries/STM32F10x_StdPeriph_Driver/src/stm32f10x_dma.c ****   }
 138:Libraries/STM32F10x_StdPeriph_Driver/src/stm32f10x_dma.c ****   else if (DMAy_Channelx == DMA1_Channel3)
  59              		.loc 1 138 0
  60 001e 354B     		ldr	r3, .L26+8
  61 0020 9842     		cmp	r0, r3
  62 0022 26D0     		beq	.L17
 139:Libraries/STM32F10x_StdPeriph_Driver/src/stm32f10x_dma.c ****   {
 140:Libraries/STM32F10x_StdPeriph_Driver/src/stm32f10x_dma.c ****     /* Reset interrupt pending bits for DMA1 Channel3 */
 141:Libraries/STM32F10x_StdPeriph_Driver/src/stm32f10x_dma.c ****     DMA1->IFCR |= DMA1_Channel3_IT_Mask;
 142:Libraries/STM32F10x_StdPeriph_Driver/src/stm32f10x_dma.c ****   }
 143:Libraries/STM32F10x_StdPeriph_Driver/src/stm32f10x_dma.c ****   else if (DMAy_Channelx == DMA1_Channel4)
  63              		.loc 1 143 0
  64 0024 344B     		ldr	r3, .L26+12
  65 0026 9842     		cmp	r0, r3
  66 0028 35D0     		beq	.L18
 144:Libraries/STM32F10x_StdPeriph_Driver/src/stm32f10x_dma.c ****   {
 145:Libraries/STM32F10x_StdPeriph_Driver/src/stm32f10x_dma.c ****     /* Reset interrupt pending bits for DMA1 Channel4 */
 146:Libraries/STM32F10x_StdPeriph_Driver/src/stm32f10x_dma.c ****     DMA1->IFCR |= DMA1_Channel4_IT_Mask;
 147:Libraries/STM32F10x_StdPeriph_Driver/src/stm32f10x_dma.c ****   }
 148:Libraries/STM32F10x_StdPeriph_Driver/src/stm32f10x_dma.c ****   else if (DMAy_Channelx == DMA1_Channel5)
  67              		.loc 1 148 0
  68 002a 344B     		ldr	r3, .L26+16
  69 002c 9842     		cmp	r0, r3
  70 002e 38D0     		beq	.L19
 149:Libraries/STM32F10x_StdPeriph_Driver/src/stm32f10x_dma.c ****   {
 150:Libraries/STM32F10x_StdPeriph_Driver/src/stm32f10x_dma.c ****     /* Reset interrupt pending bits for DMA1 Channel5 */
 151:Libraries/STM32F10x_StdPeriph_Driver/src/stm32f10x_dma.c ****     DMA1->IFCR |= DMA1_Channel5_IT_Mask;
 152:Libraries/STM32F10x_StdPeriph_Driver/src/stm32f10x_dma.c ****   }
 153:Libraries/STM32F10x_StdPeriph_Driver/src/stm32f10x_dma.c ****   else if (DMAy_Channelx == DMA1_Channel6)
  71              		.loc 1 153 0
  72 0030 334B     		ldr	r3, .L26+20
  73 0032 9842     		cmp	r0, r3
  74 0034 23D0     		beq	.L20
 154:Libraries/STM32F10x_StdPeriph_Driver/src/stm32f10x_dma.c ****   {
 155:Libraries/STM32F10x_StdPeriph_Driver/src/stm32f10x_dma.c ****     /* Reset interrupt pending bits for DMA1 Channel6 */
 156:Libraries/STM32F10x_StdPeriph_Driver/src/stm32f10x_dma.c ****     DMA1->IFCR |= DMA1_Channel6_IT_Mask;
 157:Libraries/STM32F10x_StdPeriph_Driver/src/stm32f10x_dma.c ****   }
 158:Libraries/STM32F10x_StdPeriph_Driver/src/stm32f10x_dma.c ****   else if (DMAy_Channelx == DMA1_Channel7)
  75              		.loc 1 158 0
  76 0036 334B     		ldr	r3, .L26+24
  77 0038 9842     		cmp	r0, r3
  78 003a 3ED0     		beq	.L21
 159:Libraries/STM32F10x_StdPeriph_Driver/src/stm32f10x_dma.c ****   {
 160:Libraries/STM32F10x_StdPeriph_Driver/src/stm32f10x_dma.c ****     /* Reset interrupt pending bits for DMA1 Channel7 */
 161:Libraries/STM32F10x_StdPeriph_Driver/src/stm32f10x_dma.c ****     DMA1->IFCR |= DMA1_Channel7_IT_Mask;
 162:Libraries/STM32F10x_StdPeriph_Driver/src/stm32f10x_dma.c ****   }
 163:Libraries/STM32F10x_StdPeriph_Driver/src/stm32f10x_dma.c ****   else if (DMAy_Channelx == DMA2_Channel1)
  79              		.loc 1 163 0
  80 003c 324B     		ldr	r3, .L26+28
  81 003e 9842     		cmp	r0, r3
  82 0040 41D0     		beq	.L22
 164:Libraries/STM32F10x_StdPeriph_Driver/src/stm32f10x_dma.c ****   {
 165:Libraries/STM32F10x_StdPeriph_Driver/src/stm32f10x_dma.c ****     /* Reset interrupt pending bits for DMA2 Channel1 */
 166:Libraries/STM32F10x_StdPeriph_Driver/src/stm32f10x_dma.c ****     DMA2->IFCR |= DMA2_Channel1_IT_Mask;
 167:Libraries/STM32F10x_StdPeriph_Driver/src/stm32f10x_dma.c ****   }
 168:Libraries/STM32F10x_StdPeriph_Driver/src/stm32f10x_dma.c ****   else if (DMAy_Channelx == DMA2_Channel2)
  83              		.loc 1 168 0
  84 0042 324B     		ldr	r3, .L26+32
  85 0044 9842     		cmp	r0, r3
  86 0046 44D0     		beq	.L23
 169:Libraries/STM32F10x_StdPeriph_Driver/src/stm32f10x_dma.c ****   {
 170:Libraries/STM32F10x_StdPeriph_Driver/src/stm32f10x_dma.c ****     /* Reset interrupt pending bits for DMA2 Channel2 */
 171:Libraries/STM32F10x_StdPeriph_Driver/src/stm32f10x_dma.c ****     DMA2->IFCR |= DMA2_Channel2_IT_Mask;
 172:Libraries/STM32F10x_StdPeriph_Driver/src/stm32f10x_dma.c ****   }
 173:Libraries/STM32F10x_StdPeriph_Driver/src/stm32f10x_dma.c ****   else if (DMAy_Channelx == DMA2_Channel3)
  87              		.loc 1 173 0
  88 0048 314B     		ldr	r3, .L26+36
  89 004a 9842     		cmp	r0, r3
  90 004c 2FD0     		beq	.L24
 174:Libraries/STM32F10x_StdPeriph_Driver/src/stm32f10x_dma.c ****   {
 175:Libraries/STM32F10x_StdPeriph_Driver/src/stm32f10x_dma.c ****     /* Reset interrupt pending bits for DMA2 Channel3 */
 176:Libraries/STM32F10x_StdPeriph_Driver/src/stm32f10x_dma.c ****     DMA2->IFCR |= DMA2_Channel3_IT_Mask;
 177:Libraries/STM32F10x_StdPeriph_Driver/src/stm32f10x_dma.c ****   }
 178:Libraries/STM32F10x_StdPeriph_Driver/src/stm32f10x_dma.c ****   else if (DMAy_Channelx == DMA2_Channel4)
  91              		.loc 1 178 0
  92 004e 314B     		ldr	r3, .L26+40
  93 0050 9842     		cmp	r0, r3
  94 0052 44D0     		beq	.L25
 179:Libraries/STM32F10x_StdPeriph_Driver/src/stm32f10x_dma.c ****   {
 180:Libraries/STM32F10x_StdPeriph_Driver/src/stm32f10x_dma.c ****     /* Reset interrupt pending bits for DMA2 Channel4 */
 181:Libraries/STM32F10x_StdPeriph_Driver/src/stm32f10x_dma.c ****     DMA2->IFCR |= DMA2_Channel4_IT_Mask;
 182:Libraries/STM32F10x_StdPeriph_Driver/src/stm32f10x_dma.c ****   }
 183:Libraries/STM32F10x_StdPeriph_Driver/src/stm32f10x_dma.c ****   else
 184:Libraries/STM32F10x_StdPeriph_Driver/src/stm32f10x_dma.c ****   { 
 185:Libraries/STM32F10x_StdPeriph_Driver/src/stm32f10x_dma.c ****     if (DMAy_Channelx == DMA2_Channel5)
  95              		.loc 1 185 0
  96 0054 304B     		ldr	r3, .L26+44
  97 0056 9842     		cmp	r0, r3
  98 0058 04D1     		bne	.L1
 186:Libraries/STM32F10x_StdPeriph_Driver/src/stm32f10x_dma.c ****     {
 187:Libraries/STM32F10x_StdPeriph_Driver/src/stm32f10x_dma.c ****       /* Reset interrupt pending bits for DMA2 Channel5 */
 188:Libraries/STM32F10x_StdPeriph_Driver/src/stm32f10x_dma.c ****       DMA2->IFCR |= DMA2_Channel5_IT_Mask;
  99              		.loc 1 188 0
 100 005a 304A     		ldr	r2, .L26+48
 101 005c 5368     		ldr	r3, [r2, #4]
 102 005e 43F47023 		orr	r3, r3, #983040
 103 0062 5360     		str	r3, [r2, #4]
 104              	.L1:
 189:Libraries/STM32F10x_StdPeriph_Driver/src/stm32f10x_dma.c ****     }
 190:Libraries/STM32F10x_StdPeriph_Driver/src/stm32f10x_dma.c ****   }
 191:Libraries/STM32F10x_StdPeriph_Driver/src/stm32f10x_dma.c **** }
 105              		.loc 1 191 0
 106 0064 7047     		bx	lr
 107              	.L15:
 131:Libraries/STM32F10x_StdPeriph_Driver/src/stm32f10x_dma.c ****   }
 108              		.loc 1 131 0
 109 0066 2E4A     		ldr	r2, .L26+52
 110 0068 5368     		ldr	r3, [r2, #4]
 111 006a 43F00F03 		orr	r3, r3, #15
 112 006e 5360     		str	r3, [r2, #4]
 113 0070 7047     		bx	lr
 114              	.L17:
 141:Libraries/STM32F10x_StdPeriph_Driver/src/stm32f10x_dma.c ****   }
 115              		.loc 1 141 0
 116 0072 2B4A     		ldr	r2, .L26+52
 117 0074 5368     		ldr	r3, [r2, #4]
 118 0076 43F47063 		orr	r3, r3, #3840
 119 007a 5360     		str	r3, [r2, #4]
 120 007c 7047     		bx	lr
 121              	.L20:
 156:Libraries/STM32F10x_StdPeriph_Driver/src/stm32f10x_dma.c ****   }
 122              		.loc 1 156 0
 123 007e 284A     		ldr	r2, .L26+52
 124 0080 5368     		ldr	r3, [r2, #4]
 125 0082 43F47003 		orr	r3, r3, #15728640
 126 0086 5360     		str	r3, [r2, #4]
 127 0088 7047     		bx	lr
 128              	.L16:
 136:Libraries/STM32F10x_StdPeriph_Driver/src/stm32f10x_dma.c ****   }
 129              		.loc 1 136 0
 130 008a 254A     		ldr	r2, .L26+52
 131 008c 5368     		ldr	r3, [r2, #4]
 132 008e 43F0F003 		orr	r3, r3, #240
 133 0092 5360     		str	r3, [r2, #4]
 134 0094 7047     		bx	lr
 135              	.L18:
 146:Libraries/STM32F10x_StdPeriph_Driver/src/stm32f10x_dma.c ****   }
 136              		.loc 1 146 0
 137 0096 224A     		ldr	r2, .L26+52
 138 0098 5368     		ldr	r3, [r2, #4]
 139 009a 43F47043 		orr	r3, r3, #61440
 140 009e 5360     		str	r3, [r2, #4]
 141 00a0 7047     		bx	lr
 142              	.L19:
 151:Libraries/STM32F10x_StdPeriph_Driver/src/stm32f10x_dma.c ****   }
 143              		.loc 1 151 0
 144 00a2 1F4A     		ldr	r2, .L26+52
 145 00a4 5368     		ldr	r3, [r2, #4]
 146 00a6 43F47023 		orr	r3, r3, #983040
 147 00aa 5360     		str	r3, [r2, #4]
 148 00ac 7047     		bx	lr
 149              	.L24:
 176:Libraries/STM32F10x_StdPeriph_Driver/src/stm32f10x_dma.c ****   }
 150              		.loc 1 176 0
 151 00ae 1B4A     		ldr	r2, .L26+48
 152 00b0 5368     		ldr	r3, [r2, #4]
 153 00b2 43F47063 		orr	r3, r3, #3840
 154 00b6 5360     		str	r3, [r2, #4]
 155 00b8 7047     		bx	lr
 156              	.L21:
 161:Libraries/STM32F10x_StdPeriph_Driver/src/stm32f10x_dma.c ****   }
 157              		.loc 1 161 0
 158 00ba 194A     		ldr	r2, .L26+52
 159 00bc 5368     		ldr	r3, [r2, #4]
 160 00be 43F07063 		orr	r3, r3, #251658240
 161 00c2 5360     		str	r3, [r2, #4]
 162 00c4 7047     		bx	lr
 163              	.L22:
 166:Libraries/STM32F10x_StdPeriph_Driver/src/stm32f10x_dma.c ****   }
 164              		.loc 1 166 0
 165 00c6 154A     		ldr	r2, .L26+48
 166 00c8 5368     		ldr	r3, [r2, #4]
 167 00ca 43F00F03 		orr	r3, r3, #15
 168 00ce 5360     		str	r3, [r2, #4]
 169 00d0 7047     		bx	lr
 170              	.L23:
 171:Libraries/STM32F10x_StdPeriph_Driver/src/stm32f10x_dma.c ****   }
 171              		.loc 1 171 0
 172 00d2 124A     		ldr	r2, .L26+48
 173 00d4 5368     		ldr	r3, [r2, #4]
 174 00d6 43F0F003 		orr	r3, r3, #240
 175 00da 5360     		str	r3, [r2, #4]
 176 00dc 7047     		bx	lr
 177              	.L25:
 181:Libraries/STM32F10x_StdPeriph_Driver/src/stm32f10x_dma.c ****   }
 178              		.loc 1 181 0
 179 00de 0F4A     		ldr	r2, .L26+48
 180 00e0 5368     		ldr	r3, [r2, #4]
 181 00e2 43F47043 		orr	r3, r3, #61440
 182 00e6 5360     		str	r3, [r2, #4]
 183 00e8 7047     		bx	lr
 184              	.L27:
 185 00ea 00BF     		.align	2
 186              	.L26:
 187 00ec 08000240 		.word	1073872904
 188 00f0 1C000240 		.word	1073872924
 189 00f4 30000240 		.word	1073872944
 190 00f8 44000240 		.word	1073872964
 191 00fc 58000240 		.word	1073872984
 192 0100 6C000240 		.word	1073873004
 193 0104 80000240 		.word	1073873024
 194 0108 08040240 		.word	1073873928
 195 010c 1C040240 		.word	1073873948
 196 0110 30040240 		.word	1073873968
 197 0114 44040240 		.word	1073873988
 198 0118 58040240 		.word	1073874008
 199 011c 00040240 		.word	1073873920
 200 0120 00000240 		.word	1073872896
 201              		.cfi_endproc
 202              	.LFE27:
 204              		.section	.text.DMA_Init,"ax",%progbits
 205              		.align	1
 206              		.p2align 2,,3
 207              		.global	DMA_Init
 208              		.syntax unified
 209              		.thumb
 210              		.thumb_func
 211              		.fpu softvfp
 213              	DMA_Init:
 214              	.LFB28:
 192:Libraries/STM32F10x_StdPeriph_Driver/src/stm32f10x_dma.c **** 
 193:Libraries/STM32F10x_StdPeriph_Driver/src/stm32f10x_dma.c **** /**
 194:Libraries/STM32F10x_StdPeriph_Driver/src/stm32f10x_dma.c ****   * @brief  Initializes the DMAy Channelx according to the specified
 195:Libraries/STM32F10x_StdPeriph_Driver/src/stm32f10x_dma.c ****   *   parameters in the DMA_InitStruct.
 196:Libraries/STM32F10x_StdPeriph_Driver/src/stm32f10x_dma.c ****   * @param  DMAy_Channelx: where y can be 1 or 2 to select the DMA and 
 197:Libraries/STM32F10x_StdPeriph_Driver/src/stm32f10x_dma.c ****   *   x can be 1 to 7 for DMA1 and 1 to 5 for DMA2 to select the DMA Channel.
 198:Libraries/STM32F10x_StdPeriph_Driver/src/stm32f10x_dma.c ****   * @param  DMA_InitStruct: pointer to a DMA_InitTypeDef structure that
 199:Libraries/STM32F10x_StdPeriph_Driver/src/stm32f10x_dma.c ****   *   contains the configuration information for the specified DMA Channel.
 200:Libraries/STM32F10x_StdPeriph_Driver/src/stm32f10x_dma.c ****   * @retval None
 201:Libraries/STM32F10x_StdPeriph_Driver/src/stm32f10x_dma.c ****   */
 202:Libraries/STM32F10x_StdPeriph_Driver/src/stm32f10x_dma.c **** void DMA_Init(DMA_Channel_TypeDef* DMAy_Channelx, DMA_InitTypeDef* DMA_InitStruct)
 203:Libraries/STM32F10x_StdPeriph_Driver/src/stm32f10x_dma.c **** {
 215              		.loc 1 203 0
 216              		.cfi_startproc
 217              		@ args = 0, pretend = 0, frame = 0
 218              		@ frame_needed = 0, uses_anonymous_args = 0
 219              		@ link register save eliminated.
 220              	.LVL1:
 204:Libraries/STM32F10x_StdPeriph_Driver/src/stm32f10x_dma.c ****   uint32_t tmpreg = 0;
 205:Libraries/STM32F10x_StdPeriph_Driver/src/stm32f10x_dma.c **** 
 206:Libraries/STM32F10x_StdPeriph_Driver/src/stm32f10x_dma.c ****   /* Check the parameters */
 207:Libraries/STM32F10x_StdPeriph_Driver/src/stm32f10x_dma.c ****   assert_param(IS_DMA_ALL_PERIPH(DMAy_Channelx));
 208:Libraries/STM32F10x_StdPeriph_Driver/src/stm32f10x_dma.c ****   assert_param(IS_DMA_DIR(DMA_InitStruct->DMA_DIR));
 209:Libraries/STM32F10x_StdPeriph_Driver/src/stm32f10x_dma.c ****   assert_param(IS_DMA_BUFFER_SIZE(DMA_InitStruct->DMA_BufferSize));
 210:Libraries/STM32F10x_StdPeriph_Driver/src/stm32f10x_dma.c ****   assert_param(IS_DMA_PERIPHERAL_INC_STATE(DMA_InitStruct->DMA_PeripheralInc));
 211:Libraries/STM32F10x_StdPeriph_Driver/src/stm32f10x_dma.c ****   assert_param(IS_DMA_MEMORY_INC_STATE(DMA_InitStruct->DMA_MemoryInc));   
 212:Libraries/STM32F10x_StdPeriph_Driver/src/stm32f10x_dma.c ****   assert_param(IS_DMA_PERIPHERAL_DATA_SIZE(DMA_InitStruct->DMA_PeripheralDataSize));
 213:Libraries/STM32F10x_StdPeriph_Driver/src/stm32f10x_dma.c ****   assert_param(IS_DMA_MEMORY_DATA_SIZE(DMA_InitStruct->DMA_MemoryDataSize));
 214:Libraries/STM32F10x_StdPeriph_Driver/src/stm32f10x_dma.c ****   assert_param(IS_DMA_MODE(DMA_InitStruct->DMA_Mode));
 215:Libraries/STM32F10x_StdPeriph_Driver/src/stm32f10x_dma.c ****   assert_param(IS_DMA_PRIORITY(DMA_InitStruct->DMA_Priority));
 216:Libraries/STM32F10x_StdPeriph_Driver/src/stm32f10x_dma.c ****   assert_param(IS_DMA_M2M_STATE(DMA_InitStruct->DMA_M2M));
 217:Libraries/STM32F10x_StdPeriph_Driver/src/stm32f10x_dma.c **** 
 218:Libraries/STM32F10x_StdPeriph_Driver/src/stm32f10x_dma.c **** /*--------------------------- DMAy Channelx CCR Configuration -----------------*/
 219:Libraries/STM32F10x_StdPeriph_Driver/src/stm32f10x_dma.c ****   /* Get the DMAy_Channelx CCR value */
 220:Libraries/STM32F10x_StdPeriph_Driver/src/stm32f10x_dma.c ****   tmpreg = DMAy_Channelx->CCR;
 221:Libraries/STM32F10x_StdPeriph_Driver/src/stm32f10x_dma.c ****   /* Clear MEM2MEM, PL, MSIZE, PSIZE, MINC, PINC, CIRC and DIR bits */
 222:Libraries/STM32F10x_StdPeriph_Driver/src/stm32f10x_dma.c ****   tmpreg &= CCR_CLEAR_Mask;
 223:Libraries/STM32F10x_StdPeriph_Driver/src/stm32f10x_dma.c ****   /* Configure DMAy Channelx: data transfer, data size, priority level and mode */
 224:Libraries/STM32F10x_StdPeriph_Driver/src/stm32f10x_dma.c ****   /* Set DIR bit according to DMA_DIR value */
 225:Libraries/STM32F10x_StdPeriph_Driver/src/stm32f10x_dma.c ****   /* Set CIRC bit according to DMA_Mode value */
 226:Libraries/STM32F10x_StdPeriph_Driver/src/stm32f10x_dma.c ****   /* Set PINC bit according to DMA_PeripheralInc value */
 227:Libraries/STM32F10x_StdPeriph_Driver/src/stm32f10x_dma.c ****   /* Set MINC bit according to DMA_MemoryInc value */
 228:Libraries/STM32F10x_StdPeriph_Driver/src/stm32f10x_dma.c ****   /* Set PSIZE bits according to DMA_PeripheralDataSize value */
 229:Libraries/STM32F10x_StdPeriph_Driver/src/stm32f10x_dma.c ****   /* Set MSIZE bits according to DMA_MemoryDataSize value */
 230:Libraries/STM32F10x_StdPeriph_Driver/src/stm32f10x_dma.c ****   /* Set PL bits according to DMA_Priority value */
 231:Libraries/STM32F10x_StdPeriph_Driver/src/stm32f10x_dma.c ****   /* Set the MEM2MEM bit according to DMA_M2M value */
 232:Libraries/STM32F10x_StdPeriph_Driver/src/stm32f10x_dma.c ****   tmpreg |= DMA_InitStruct->DMA_DIR | DMA_InitStruct->DMA_Mode |
 221              		.loc 1 232 0
 222 0000 8B68     		ldr	r3, [r1, #8]
 203:Libraries/STM32F10x_StdPeriph_Driver/src/stm32f10x_dma.c ****   uint32_t tmpreg = 0;
 223              		.loc 1 203 0
 224 0002 30B4     		push	{r4, r5}
 225              	.LCFI0:
 226              		.cfi_def_cfa_offset 8
 227              		.cfi_offset 4, -8
 228              		.cfi_offset 5, -4
 229              		.loc 1 232 0
 230 0004 0C6A     		ldr	r4, [r1, #32]
 231 0006 0A69     		ldr	r2, [r1, #16]
 232 0008 2343     		orrs	r3, r3, r4
 233:Libraries/STM32F10x_StdPeriph_Driver/src/stm32f10x_dma.c ****             DMA_InitStruct->DMA_PeripheralInc | DMA_InitStruct->DMA_MemoryInc |
 233              		.loc 1 233 0
 234 000a 4C69     		ldr	r4, [r1, #20]
 232:Libraries/STM32F10x_StdPeriph_Driver/src/stm32f10x_dma.c ****             DMA_InitStruct->DMA_PeripheralInc | DMA_InitStruct->DMA_MemoryInc |
 235              		.loc 1 232 0
 236 000c 1343     		orrs	r3, r3, r2
 237              		.loc 1 233 0
 238 000e 8A69     		ldr	r2, [r1, #24]
 239 0010 2343     		orrs	r3, r3, r4
 234:Libraries/STM32F10x_StdPeriph_Driver/src/stm32f10x_dma.c ****             DMA_InitStruct->DMA_PeripheralDataSize | DMA_InitStruct->DMA_MemoryDataSize |
 240              		.loc 1 234 0
 241 0012 CC69     		ldr	r4, [r1, #28]
 242 0014 4D6A     		ldr	r5, [r1, #36]
 233:Libraries/STM32F10x_StdPeriph_Driver/src/stm32f10x_dma.c ****             DMA_InitStruct->DMA_PeripheralInc | DMA_InitStruct->DMA_MemoryInc |
 243              		.loc 1 233 0
 244 0016 1343     		orrs	r3, r3, r2
 220:Libraries/STM32F10x_StdPeriph_Driver/src/stm32f10x_dma.c ****   /* Clear MEM2MEM, PL, MSIZE, PSIZE, MINC, PINC, CIRC and DIR bits */
 245              		.loc 1 220 0
 246 0018 0268     		ldr	r2, [r0]
 247              	.LVL2:
 248              		.loc 1 234 0
 249 001a 2343     		orrs	r3, r3, r4
 235:Libraries/STM32F10x_StdPeriph_Driver/src/stm32f10x_dma.c ****             DMA_InitStruct->DMA_Priority | DMA_InitStruct->DMA_M2M;
 250              		.loc 1 235 0
 251 001c 8C6A     		ldr	r4, [r1, #40]
 234:Libraries/STM32F10x_StdPeriph_Driver/src/stm32f10x_dma.c ****             DMA_InitStruct->DMA_PeripheralDataSize | DMA_InitStruct->DMA_MemoryDataSize |
 252              		.loc 1 234 0
 253 001e 2B43     		orrs	r3, r3, r5
 222:Libraries/STM32F10x_StdPeriph_Driver/src/stm32f10x_dma.c ****   /* Configure DMAy Channelx: data transfer, data size, priority level and mode */
 254              		.loc 1 222 0
 255 0020 22F4FF42 		bic	r2, r2, #32640
 256              	.LVL3:
 236:Libraries/STM32F10x_StdPeriph_Driver/src/stm32f10x_dma.c **** 
 237:Libraries/STM32F10x_StdPeriph_Driver/src/stm32f10x_dma.c ****   /* Write to DMAy Channelx CCR */
 238:Libraries/STM32F10x_StdPeriph_Driver/src/stm32f10x_dma.c ****   DMAy_Channelx->CCR = tmpreg;
 239:Libraries/STM32F10x_StdPeriph_Driver/src/stm32f10x_dma.c **** 
 240:Libraries/STM32F10x_StdPeriph_Driver/src/stm32f10x_dma.c **** /*--------------------------- DMAy Channelx CNDTR Configuration ---------------*/
 241:Libraries/STM32F10x_StdPeriph_Driver/src/stm32f10x_dma.c ****   /* Write to DMAy Channelx CNDTR */
 242:Libraries/STM32F10x_StdPeriph_Driver/src/stm32f10x_dma.c ****   DMAy_Channelx->CNDTR = DMA_InitStruct->DMA_BufferSize;
 257              		.loc 1 242 0
 258 0024 CD68     		ldr	r5, [r1, #12]
 235:Libraries/STM32F10x_StdPeriph_Driver/src/stm32f10x_dma.c **** 
 259              		.loc 1 235 0
 260 0026 2343     		orrs	r3, r3, r4
 222:Libraries/STM32F10x_StdPeriph_Driver/src/stm32f10x_dma.c ****   /* Configure DMAy Channelx: data transfer, data size, priority level and mode */
 261              		.loc 1 222 0
 262 0028 22F07002 		bic	r2, r2, #112
 263              	.LVL4:
 232:Libraries/STM32F10x_StdPeriph_Driver/src/stm32f10x_dma.c ****             DMA_InitStruct->DMA_PeripheralInc | DMA_InitStruct->DMA_MemoryInc |
 264              		.loc 1 232 0
 265 002c 1343     		orrs	r3, r3, r2
 266              	.LVL5:
 243:Libraries/STM32F10x_StdPeriph_Driver/src/stm32f10x_dma.c **** 
 244:Libraries/STM32F10x_StdPeriph_Driver/src/stm32f10x_dma.c **** /*--------------------------- DMAy Channelx CPAR Configuration ----------------*/
 245:Libraries/STM32F10x_StdPeriph_Driver/src/stm32f10x_dma.c ****   /* Write to DMAy Channelx CPAR */
 246:Libraries/STM32F10x_StdPeriph_Driver/src/stm32f10x_dma.c ****   DMAy_Channelx->CPAR = DMA_InitStruct->DMA_PeripheralBaseAddr;
 247:Libraries/STM32F10x_StdPeriph_Driver/src/stm32f10x_dma.c **** 
 248:Libraries/STM32F10x_StdPeriph_Driver/src/stm32f10x_dma.c **** /*--------------------------- DMAy Channelx CMAR Configuration ----------------*/
 249:Libraries/STM32F10x_StdPeriph_Driver/src/stm32f10x_dma.c ****   /* Write to DMAy Channelx CMAR */
 250:Libraries/STM32F10x_StdPeriph_Driver/src/stm32f10x_dma.c ****   DMAy_Channelx->CMAR = DMA_InitStruct->DMA_MemoryBaseAddr;
 267              		.loc 1 250 0
 268 002e D1E90041 		ldrd	r4, r1, [r1]
 269              	.LVL6:
 238:Libraries/STM32F10x_StdPeriph_Driver/src/stm32f10x_dma.c **** 
 270              		.loc 1 238 0
 271 0032 0360     		str	r3, [r0]
 242:Libraries/STM32F10x_StdPeriph_Driver/src/stm32f10x_dma.c **** 
 272              		.loc 1 242 0
 273 0034 4560     		str	r5, [r0, #4]
 246:Libraries/STM32F10x_StdPeriph_Driver/src/stm32f10x_dma.c **** 
 274              		.loc 1 246 0
 275 0036 8460     		str	r4, [r0, #8]
 276              		.loc 1 250 0
 277 0038 C160     		str	r1, [r0, #12]
 251:Libraries/STM32F10x_StdPeriph_Driver/src/stm32f10x_dma.c **** }
 278              		.loc 1 251 0
 279 003a 30BC     		pop	{r4, r5}
 280              	.LCFI1:
 281              		.cfi_restore 5
 282              		.cfi_restore 4
 283              		.cfi_def_cfa_offset 0
 284 003c 7047     		bx	lr
 285              		.cfi_endproc
 286              	.LFE28:
 288 003e 00BF     		.section	.text.DMA_StructInit,"ax",%progbits
 289              		.align	1
 290              		.p2align 2,,3
 291              		.global	DMA_StructInit
 292              		.syntax unified
 293              		.thumb
 294              		.thumb_func
 295              		.fpu softvfp
 297              	DMA_StructInit:
 298              	.LFB29:
 252:Libraries/STM32F10x_StdPeriph_Driver/src/stm32f10x_dma.c **** 
 253:Libraries/STM32F10x_StdPeriph_Driver/src/stm32f10x_dma.c **** /**
 254:Libraries/STM32F10x_StdPeriph_Driver/src/stm32f10x_dma.c ****   * @brief  Fills each DMA_InitStruct member with its default value.
 255:Libraries/STM32F10x_StdPeriph_Driver/src/stm32f10x_dma.c ****   * @param  DMA_InitStruct : pointer to a DMA_InitTypeDef structure which will
 256:Libraries/STM32F10x_StdPeriph_Driver/src/stm32f10x_dma.c ****   *   be initialized.
 257:Libraries/STM32F10x_StdPeriph_Driver/src/stm32f10x_dma.c ****   * @retval None
 258:Libraries/STM32F10x_StdPeriph_Driver/src/stm32f10x_dma.c ****   */
 259:Libraries/STM32F10x_StdPeriph_Driver/src/stm32f10x_dma.c **** void DMA_StructInit(DMA_InitTypeDef* DMA_InitStruct)
 260:Libraries/STM32F10x_StdPeriph_Driver/src/stm32f10x_dma.c **** {
 299              		.loc 1 260 0
 300              		.cfi_startproc
 301              		@ args = 0, pretend = 0, frame = 0
 302              		@ frame_needed = 0, uses_anonymous_args = 0
 303              		@ link register save eliminated.
 304              	.LVL7:
 261:Libraries/STM32F10x_StdPeriph_Driver/src/stm32f10x_dma.c **** /*-------------- Reset DMA init structure parameters values ------------------*/
 262:Libraries/STM32F10x_StdPeriph_Driver/src/stm32f10x_dma.c ****   /* Initialize the DMA_PeripheralBaseAddr member */
 263:Libraries/STM32F10x_StdPeriph_Driver/src/stm32f10x_dma.c ****   DMA_InitStruct->DMA_PeripheralBaseAddr = 0;
 305              		.loc 1 263 0
 306 0000 0023     		movs	r3, #0
 264:Libraries/STM32F10x_StdPeriph_Driver/src/stm32f10x_dma.c ****   /* Initialize the DMA_MemoryBaseAddr member */
 265:Libraries/STM32F10x_StdPeriph_Driver/src/stm32f10x_dma.c ****   DMA_InitStruct->DMA_MemoryBaseAddr = 0;
 307              		.loc 1 265 0
 308 0002 C0E90033 		strd	r3, r3, [r0]
 266:Libraries/STM32F10x_StdPeriph_Driver/src/stm32f10x_dma.c ****   /* Initialize the DMA_DIR member */
 267:Libraries/STM32F10x_StdPeriph_Driver/src/stm32f10x_dma.c ****   DMA_InitStruct->DMA_DIR = DMA_DIR_PeripheralSRC;
 268:Libraries/STM32F10x_StdPeriph_Driver/src/stm32f10x_dma.c ****   /* Initialize the DMA_BufferSize member */
 269:Libraries/STM32F10x_StdPeriph_Driver/src/stm32f10x_dma.c ****   DMA_InitStruct->DMA_BufferSize = 0;
 309              		.loc 1 269 0
 310 0006 C0E90233 		strd	r3, r3, [r0, #8]
 270:Libraries/STM32F10x_StdPeriph_Driver/src/stm32f10x_dma.c ****   /* Initialize the DMA_PeripheralInc member */
 271:Libraries/STM32F10x_StdPeriph_Driver/src/stm32f10x_dma.c ****   DMA_InitStruct->DMA_PeripheralInc = DMA_PeripheralInc_Disable;
 272:Libraries/STM32F10x_StdPeriph_Driver/src/stm32f10x_dma.c ****   /* Initialize the DMA_MemoryInc member */
 273:Libraries/STM32F10x_StdPeriph_Driver/src/stm32f10x_dma.c ****   DMA_InitStruct->DMA_MemoryInc = DMA_MemoryInc_Disable;
 311              		.loc 1 273 0
 312 000a C0E90433 		strd	r3, r3, [r0, #16]
 274:Libraries/STM32F10x_StdPeriph_Driver/src/stm32f10x_dma.c ****   /* Initialize the DMA_PeripheralDataSize member */
 275:Libraries/STM32F10x_StdPeriph_Driver/src/stm32f10x_dma.c ****   DMA_InitStruct->DMA_PeripheralDataSize = DMA_PeripheralDataSize_Byte;
 276:Libraries/STM32F10x_StdPeriph_Driver/src/stm32f10x_dma.c ****   /* Initialize the DMA_MemoryDataSize member */
 277:Libraries/STM32F10x_StdPeriph_Driver/src/stm32f10x_dma.c ****   DMA_InitStruct->DMA_MemoryDataSize = DMA_MemoryDataSize_Byte;
 313              		.loc 1 277 0
 314 000e C0E90633 		strd	r3, r3, [r0, #24]
 278:Libraries/STM32F10x_StdPeriph_Driver/src/stm32f10x_dma.c ****   /* Initialize the DMA_Mode member */
 279:Libraries/STM32F10x_StdPeriph_Driver/src/stm32f10x_dma.c ****   DMA_InitStruct->DMA_Mode = DMA_Mode_Normal;
 280:Libraries/STM32F10x_StdPeriph_Driver/src/stm32f10x_dma.c ****   /* Initialize the DMA_Priority member */
 281:Libraries/STM32F10x_StdPeriph_Driver/src/stm32f10x_dma.c ****   DMA_InitStruct->DMA_Priority = DMA_Priority_Low;
 315              		.loc 1 281 0
 316 0012 C0E90833 		strd	r3, r3, [r0, #32]
 282:Libraries/STM32F10x_StdPeriph_Driver/src/stm32f10x_dma.c ****   /* Initialize the DMA_M2M member */
 283:Libraries/STM32F10x_StdPeriph_Driver/src/stm32f10x_dma.c ****   DMA_InitStruct->DMA_M2M = DMA_M2M_Disable;
 317              		.loc 1 283 0
 318 0016 8362     		str	r3, [r0, #40]
 284:Libraries/STM32F10x_StdPeriph_Driver/src/stm32f10x_dma.c **** }
 319              		.loc 1 284 0
 320 0018 7047     		bx	lr
 321              		.cfi_endproc
 322              	.LFE29:
 324 001a 00BF     		.section	.text.DMA_Cmd,"ax",%progbits
 325              		.align	1
 326              		.p2align 2,,3
 327              		.global	DMA_Cmd
 328              		.syntax unified
 329              		.thumb
 330              		.thumb_func
 331              		.fpu softvfp
 333              	DMA_Cmd:
 334              	.LFB30:
 285:Libraries/STM32F10x_StdPeriph_Driver/src/stm32f10x_dma.c **** 
 286:Libraries/STM32F10x_StdPeriph_Driver/src/stm32f10x_dma.c **** /**
 287:Libraries/STM32F10x_StdPeriph_Driver/src/stm32f10x_dma.c ****   * @brief  Enables or disables the specified DMAy Channelx.
 288:Libraries/STM32F10x_StdPeriph_Driver/src/stm32f10x_dma.c ****   * @param  DMAy_Channelx: where y can be 1 or 2 to select the DMA and 
 289:Libraries/STM32F10x_StdPeriph_Driver/src/stm32f10x_dma.c ****   *   x can be 1 to 7 for DMA1 and 1 to 5 for DMA2 to select the DMA Channel.
 290:Libraries/STM32F10x_StdPeriph_Driver/src/stm32f10x_dma.c ****   * @param  NewState: new state of the DMAy Channelx. 
 291:Libraries/STM32F10x_StdPeriph_Driver/src/stm32f10x_dma.c ****   *   This parameter can be: ENABLE or DISABLE.
 292:Libraries/STM32F10x_StdPeriph_Driver/src/stm32f10x_dma.c ****   * @retval None
 293:Libraries/STM32F10x_StdPeriph_Driver/src/stm32f10x_dma.c ****   */
 294:Libraries/STM32F10x_StdPeriph_Driver/src/stm32f10x_dma.c **** void DMA_Cmd(DMA_Channel_TypeDef* DMAy_Channelx, FunctionalState NewState)
 295:Libraries/STM32F10x_StdPeriph_Driver/src/stm32f10x_dma.c **** {
 335              		.loc 1 295 0
 336              		.cfi_startproc
 337              		@ args = 0, pretend = 0, frame = 0
 338              		@ frame_needed = 0, uses_anonymous_args = 0
 339              		@ link register save eliminated.
 340              	.LVL8:
 296:Libraries/STM32F10x_StdPeriph_Driver/src/stm32f10x_dma.c ****   /* Check the parameters */
 297:Libraries/STM32F10x_StdPeriph_Driver/src/stm32f10x_dma.c ****   assert_param(IS_DMA_ALL_PERIPH(DMAy_Channelx));
 298:Libraries/STM32F10x_StdPeriph_Driver/src/stm32f10x_dma.c ****   assert_param(IS_FUNCTIONAL_STATE(NewState));
 299:Libraries/STM32F10x_StdPeriph_Driver/src/stm32f10x_dma.c **** 
 300:Libraries/STM32F10x_StdPeriph_Driver/src/stm32f10x_dma.c ****   if (NewState != DISABLE)
 301:Libraries/STM32F10x_StdPeriph_Driver/src/stm32f10x_dma.c ****   {
 302:Libraries/STM32F10x_StdPeriph_Driver/src/stm32f10x_dma.c ****     /* Enable the selected DMAy Channelx */
 303:Libraries/STM32F10x_StdPeriph_Driver/src/stm32f10x_dma.c ****     DMAy_Channelx->CCR |= CCR_ENABLE_Set;
 341              		.loc 1 303 0
 342 0000 0368     		ldr	r3, [r0]
 300:Libraries/STM32F10x_StdPeriph_Driver/src/stm32f10x_dma.c ****   {
 343              		.loc 1 300 0
 344 0002 19B9     		cbnz	r1, .L34
 304:Libraries/STM32F10x_StdPeriph_Driver/src/stm32f10x_dma.c ****   }
 305:Libraries/STM32F10x_StdPeriph_Driver/src/stm32f10x_dma.c ****   else
 306:Libraries/STM32F10x_StdPeriph_Driver/src/stm32f10x_dma.c ****   {
 307:Libraries/STM32F10x_StdPeriph_Driver/src/stm32f10x_dma.c ****     /* Disable the selected DMAy Channelx */
 308:Libraries/STM32F10x_StdPeriph_Driver/src/stm32f10x_dma.c ****     DMAy_Channelx->CCR &= CCR_ENABLE_Reset;
 345              		.loc 1 308 0
 346 0004 23F00103 		bic	r3, r3, #1
 347 0008 0360     		str	r3, [r0]
 309:Libraries/STM32F10x_StdPeriph_Driver/src/stm32f10x_dma.c ****   }
 310:Libraries/STM32F10x_StdPeriph_Driver/src/stm32f10x_dma.c **** }
 348              		.loc 1 310 0
 349 000a 7047     		bx	lr
 350              	.L34:
 303:Libraries/STM32F10x_StdPeriph_Driver/src/stm32f10x_dma.c ****   }
 351              		.loc 1 303 0
 352 000c 43F00103 		orr	r3, r3, #1
 353 0010 0360     		str	r3, [r0]
 354 0012 7047     		bx	lr
 355              		.cfi_endproc
 356              	.LFE30:
 358              		.section	.text.DMA_ITConfig,"ax",%progbits
 359              		.align	1
 360              		.p2align 2,,3
 361              		.global	DMA_ITConfig
 362              		.syntax unified
 363              		.thumb
 364              		.thumb_func
 365              		.fpu softvfp
 367              	DMA_ITConfig:
 368              	.LFB31:
 311:Libraries/STM32F10x_StdPeriph_Driver/src/stm32f10x_dma.c **** 
 312:Libraries/STM32F10x_StdPeriph_Driver/src/stm32f10x_dma.c **** /**
 313:Libraries/STM32F10x_StdPeriph_Driver/src/stm32f10x_dma.c ****   * @brief  Enables or disables the specified DMAy Channelx interrupts.
 314:Libraries/STM32F10x_StdPeriph_Driver/src/stm32f10x_dma.c ****   * @param  DMAy_Channelx: where y can be 1 or 2 to select the DMA and 
 315:Libraries/STM32F10x_StdPeriph_Driver/src/stm32f10x_dma.c ****   *   x can be 1 to 7 for DMA1 and 1 to 5 for DMA2 to select the DMA Channel.
 316:Libraries/STM32F10x_StdPeriph_Driver/src/stm32f10x_dma.c ****   * @param  DMA_IT: specifies the DMA interrupts sources to be enabled
 317:Libraries/STM32F10x_StdPeriph_Driver/src/stm32f10x_dma.c ****   *   or disabled. 
 318:Libraries/STM32F10x_StdPeriph_Driver/src/stm32f10x_dma.c ****   *   This parameter can be any combination of the following values:
 319:Libraries/STM32F10x_StdPeriph_Driver/src/stm32f10x_dma.c ****   *     @arg DMA_IT_TC:  Transfer complete interrupt mask
 320:Libraries/STM32F10x_StdPeriph_Driver/src/stm32f10x_dma.c ****   *     @arg DMA_IT_HT:  Half transfer interrupt mask
 321:Libraries/STM32F10x_StdPeriph_Driver/src/stm32f10x_dma.c ****   *     @arg DMA_IT_TE:  Transfer error interrupt mask
 322:Libraries/STM32F10x_StdPeriph_Driver/src/stm32f10x_dma.c ****   * @param  NewState: new state of the specified DMA interrupts.
 323:Libraries/STM32F10x_StdPeriph_Driver/src/stm32f10x_dma.c ****   *   This parameter can be: ENABLE or DISABLE.
 324:Libraries/STM32F10x_StdPeriph_Driver/src/stm32f10x_dma.c ****   * @retval None
 325:Libraries/STM32F10x_StdPeriph_Driver/src/stm32f10x_dma.c ****   */
 326:Libraries/STM32F10x_StdPeriph_Driver/src/stm32f10x_dma.c **** void DMA_ITConfig(DMA_Channel_TypeDef* DMAy_Channelx, uint32_t DMA_IT, FunctionalState NewState)
 327:Libraries/STM32F10x_StdPeriph_Driver/src/stm32f10x_dma.c **** {
 369              		.loc 1 327 0
 370              		.cfi_startproc
 371              		@ args = 0, pretend = 0, frame = 0
 372              		@ frame_needed = 0, uses_anonymous_args = 0
 373              		@ link register save eliminated.
 374              	.LVL9:
 328:Libraries/STM32F10x_StdPeriph_Driver/src/stm32f10x_dma.c ****   /* Check the parameters */
 329:Libraries/STM32F10x_StdPeriph_Driver/src/stm32f10x_dma.c ****   assert_param(IS_DMA_ALL_PERIPH(DMAy_Channelx));
 330:Libraries/STM32F10x_StdPeriph_Driver/src/stm32f10x_dma.c ****   assert_param(IS_DMA_CONFIG_IT(DMA_IT));
 331:Libraries/STM32F10x_StdPeriph_Driver/src/stm32f10x_dma.c ****   assert_param(IS_FUNCTIONAL_STATE(NewState));
 332:Libraries/STM32F10x_StdPeriph_Driver/src/stm32f10x_dma.c ****   if (NewState != DISABLE)
 333:Libraries/STM32F10x_StdPeriph_Driver/src/stm32f10x_dma.c ****   {
 334:Libraries/STM32F10x_StdPeriph_Driver/src/stm32f10x_dma.c ****     /* Enable the selected DMA interrupts */
 335:Libraries/STM32F10x_StdPeriph_Driver/src/stm32f10x_dma.c ****     DMAy_Channelx->CCR |= DMA_IT;
 375              		.loc 1 335 0
 376 0000 0368     		ldr	r3, [r0]
 332:Libraries/STM32F10x_StdPeriph_Driver/src/stm32f10x_dma.c ****   {
 377              		.loc 1 332 0
 378 0002 1AB9     		cbnz	r2, .L38
 336:Libraries/STM32F10x_StdPeriph_Driver/src/stm32f10x_dma.c ****   }
 337:Libraries/STM32F10x_StdPeriph_Driver/src/stm32f10x_dma.c ****   else
 338:Libraries/STM32F10x_StdPeriph_Driver/src/stm32f10x_dma.c ****   {
 339:Libraries/STM32F10x_StdPeriph_Driver/src/stm32f10x_dma.c ****     /* Disable the selected DMA interrupts */
 340:Libraries/STM32F10x_StdPeriph_Driver/src/stm32f10x_dma.c ****     DMAy_Channelx->CCR &= ~DMA_IT;
 379              		.loc 1 340 0
 380 0004 23EA0101 		bic	r1, r3, r1
 381              	.LVL10:
 382 0008 0160     		str	r1, [r0]
 341:Libraries/STM32F10x_StdPeriph_Driver/src/stm32f10x_dma.c ****   }
 342:Libraries/STM32F10x_StdPeriph_Driver/src/stm32f10x_dma.c **** }
 383              		.loc 1 342 0
 384 000a 7047     		bx	lr
 385              	.LVL11:
 386              	.L38:
 335:Libraries/STM32F10x_StdPeriph_Driver/src/stm32f10x_dma.c ****   }
 387              		.loc 1 335 0
 388 000c 1943     		orrs	r1, r1, r3
 389              	.LVL12:
 390 000e 0160     		str	r1, [r0]
 391 0010 7047     		bx	lr
 392              		.cfi_endproc
 393              	.LFE31:
 395 0012 00BF     		.section	.text.DMA_GetCurrDataCounter,"ax",%progbits
 396              		.align	1
 397              		.p2align 2,,3
 398              		.global	DMA_GetCurrDataCounter
 399              		.syntax unified
 400              		.thumb
 401              		.thumb_func
 402              		.fpu softvfp
 404              	DMA_GetCurrDataCounter:
 405              	.LFB32:
 343:Libraries/STM32F10x_StdPeriph_Driver/src/stm32f10x_dma.c **** 
 344:Libraries/STM32F10x_StdPeriph_Driver/src/stm32f10x_dma.c **** /**
 345:Libraries/STM32F10x_StdPeriph_Driver/src/stm32f10x_dma.c ****   * @brief  Returns the number of remaining data units in the current
 346:Libraries/STM32F10x_StdPeriph_Driver/src/stm32f10x_dma.c ****   *   DMAy Channelx transfer.
 347:Libraries/STM32F10x_StdPeriph_Driver/src/stm32f10x_dma.c ****   * @param  DMAy_Channelx: where y can be 1 or 2 to select the DMA and 
 348:Libraries/STM32F10x_StdPeriph_Driver/src/stm32f10x_dma.c ****   *   x can be 1 to 7 for DMA1 and 1 to 5 for DMA2 to select the DMA Channel.
 349:Libraries/STM32F10x_StdPeriph_Driver/src/stm32f10x_dma.c ****   * @retval The number of remaining data units in the current DMAy Channelx
 350:Libraries/STM32F10x_StdPeriph_Driver/src/stm32f10x_dma.c ****   *   transfer.
 351:Libraries/STM32F10x_StdPeriph_Driver/src/stm32f10x_dma.c ****   */
 352:Libraries/STM32F10x_StdPeriph_Driver/src/stm32f10x_dma.c **** uint16_t DMA_GetCurrDataCounter(DMA_Channel_TypeDef* DMAy_Channelx)
 353:Libraries/STM32F10x_StdPeriph_Driver/src/stm32f10x_dma.c **** {
 406              		.loc 1 353 0
 407              		.cfi_startproc
 408              		@ args = 0, pretend = 0, frame = 0
 409              		@ frame_needed = 0, uses_anonymous_args = 0
 410              		@ link register save eliminated.
 411              	.LVL13:
 354:Libraries/STM32F10x_StdPeriph_Driver/src/stm32f10x_dma.c ****   /* Check the parameters */
 355:Libraries/STM32F10x_StdPeriph_Driver/src/stm32f10x_dma.c ****   assert_param(IS_DMA_ALL_PERIPH(DMAy_Channelx));
 356:Libraries/STM32F10x_StdPeriph_Driver/src/stm32f10x_dma.c ****   /* Return the number of remaining data units for DMAy Channelx */
 357:Libraries/STM32F10x_StdPeriph_Driver/src/stm32f10x_dma.c ****   return ((uint16_t)(DMAy_Channelx->CNDTR));
 412              		.loc 1 357 0
 413 0000 4068     		ldr	r0, [r0, #4]
 414              	.LVL14:
 358:Libraries/STM32F10x_StdPeriph_Driver/src/stm32f10x_dma.c **** }
 415              		.loc 1 358 0
 416 0002 80B2     		uxth	r0, r0
 417 0004 7047     		bx	lr
 418              		.cfi_endproc
 419              	.LFE32:
 421 0006 00BF     		.section	.text.DMA_GetFlagStatus,"ax",%progbits
 422              		.align	1
 423              		.p2align 2,,3
 424              		.global	DMA_GetFlagStatus
 425              		.syntax unified
 426              		.thumb
 427              		.thumb_func
 428              		.fpu softvfp
 430              	DMA_GetFlagStatus:
 431              	.LFB33:
 359:Libraries/STM32F10x_StdPeriph_Driver/src/stm32f10x_dma.c **** 
 360:Libraries/STM32F10x_StdPeriph_Driver/src/stm32f10x_dma.c **** /**
 361:Libraries/STM32F10x_StdPeriph_Driver/src/stm32f10x_dma.c ****   * @brief  Checks whether the specified DMAy Channelx flag is set or not.
 362:Libraries/STM32F10x_StdPeriph_Driver/src/stm32f10x_dma.c ****   * @param  DMA_FLAG: specifies the flag to check.
 363:Libraries/STM32F10x_StdPeriph_Driver/src/stm32f10x_dma.c ****   *   This parameter can be one of the following values:
 364:Libraries/STM32F10x_StdPeriph_Driver/src/stm32f10x_dma.c ****   *     @arg DMA1_FLAG_GL1: DMA1 Channel1 global flag.
 365:Libraries/STM32F10x_StdPeriph_Driver/src/stm32f10x_dma.c ****   *     @arg DMA1_FLAG_TC1: DMA1 Channel1 transfer complete flag.
 366:Libraries/STM32F10x_StdPeriph_Driver/src/stm32f10x_dma.c ****   *     @arg DMA1_FLAG_HT1: DMA1 Channel1 half transfer flag.
 367:Libraries/STM32F10x_StdPeriph_Driver/src/stm32f10x_dma.c ****   *     @arg DMA1_FLAG_TE1: DMA1 Channel1 transfer error flag.
 368:Libraries/STM32F10x_StdPeriph_Driver/src/stm32f10x_dma.c ****   *     @arg DMA1_FLAG_GL2: DMA1 Channel2 global flag.
 369:Libraries/STM32F10x_StdPeriph_Driver/src/stm32f10x_dma.c ****   *     @arg DMA1_FLAG_TC2: DMA1 Channel2 transfer complete flag.
 370:Libraries/STM32F10x_StdPeriph_Driver/src/stm32f10x_dma.c ****   *     @arg DMA1_FLAG_HT2: DMA1 Channel2 half transfer flag.
 371:Libraries/STM32F10x_StdPeriph_Driver/src/stm32f10x_dma.c ****   *     @arg DMA1_FLAG_TE2: DMA1 Channel2 transfer error flag.
 372:Libraries/STM32F10x_StdPeriph_Driver/src/stm32f10x_dma.c ****   *     @arg DMA1_FLAG_GL3: DMA1 Channel3 global flag.
 373:Libraries/STM32F10x_StdPeriph_Driver/src/stm32f10x_dma.c ****   *     @arg DMA1_FLAG_TC3: DMA1 Channel3 transfer complete flag.
 374:Libraries/STM32F10x_StdPeriph_Driver/src/stm32f10x_dma.c ****   *     @arg DMA1_FLAG_HT3: DMA1 Channel3 half transfer flag.
 375:Libraries/STM32F10x_StdPeriph_Driver/src/stm32f10x_dma.c ****   *     @arg DMA1_FLAG_TE3: DMA1 Channel3 transfer error flag.
 376:Libraries/STM32F10x_StdPeriph_Driver/src/stm32f10x_dma.c ****   *     @arg DMA1_FLAG_GL4: DMA1 Channel4 global flag.
 377:Libraries/STM32F10x_StdPeriph_Driver/src/stm32f10x_dma.c ****   *     @arg DMA1_FLAG_TC4: DMA1 Channel4 transfer complete flag.
 378:Libraries/STM32F10x_StdPeriph_Driver/src/stm32f10x_dma.c ****   *     @arg DMA1_FLAG_HT4: DMA1 Channel4 half transfer flag.
 379:Libraries/STM32F10x_StdPeriph_Driver/src/stm32f10x_dma.c ****   *     @arg DMA1_FLAG_TE4: DMA1 Channel4 transfer error flag.
 380:Libraries/STM32F10x_StdPeriph_Driver/src/stm32f10x_dma.c ****   *     @arg DMA1_FLAG_GL5: DMA1 Channel5 global flag.
 381:Libraries/STM32F10x_StdPeriph_Driver/src/stm32f10x_dma.c ****   *     @arg DMA1_FLAG_TC5: DMA1 Channel5 transfer complete flag.
 382:Libraries/STM32F10x_StdPeriph_Driver/src/stm32f10x_dma.c ****   *     @arg DMA1_FLAG_HT5: DMA1 Channel5 half transfer flag.
 383:Libraries/STM32F10x_StdPeriph_Driver/src/stm32f10x_dma.c ****   *     @arg DMA1_FLAG_TE5: DMA1 Channel5 transfer error flag.
 384:Libraries/STM32F10x_StdPeriph_Driver/src/stm32f10x_dma.c ****   *     @arg DMA1_FLAG_GL6: DMA1 Channel6 global flag.
 385:Libraries/STM32F10x_StdPeriph_Driver/src/stm32f10x_dma.c ****   *     @arg DMA1_FLAG_TC6: DMA1 Channel6 transfer complete flag.
 386:Libraries/STM32F10x_StdPeriph_Driver/src/stm32f10x_dma.c ****   *     @arg DMA1_FLAG_HT6: DMA1 Channel6 half transfer flag.
 387:Libraries/STM32F10x_StdPeriph_Driver/src/stm32f10x_dma.c ****   *     @arg DMA1_FLAG_TE6: DMA1 Channel6 transfer error flag.
 388:Libraries/STM32F10x_StdPeriph_Driver/src/stm32f10x_dma.c ****   *     @arg DMA1_FLAG_GL7: DMA1 Channel7 global flag.
 389:Libraries/STM32F10x_StdPeriph_Driver/src/stm32f10x_dma.c ****   *     @arg DMA1_FLAG_TC7: DMA1 Channel7 transfer complete flag.
 390:Libraries/STM32F10x_StdPeriph_Driver/src/stm32f10x_dma.c ****   *     @arg DMA1_FLAG_HT7: DMA1 Channel7 half transfer flag.
 391:Libraries/STM32F10x_StdPeriph_Driver/src/stm32f10x_dma.c ****   *     @arg DMA1_FLAG_TE7: DMA1 Channel7 transfer error flag.
 392:Libraries/STM32F10x_StdPeriph_Driver/src/stm32f10x_dma.c ****   *     @arg DMA2_FLAG_GL1: DMA2 Channel1 global flag.
 393:Libraries/STM32F10x_StdPeriph_Driver/src/stm32f10x_dma.c ****   *     @arg DMA2_FLAG_TC1: DMA2 Channel1 transfer complete flag.
 394:Libraries/STM32F10x_StdPeriph_Driver/src/stm32f10x_dma.c ****   *     @arg DMA2_FLAG_HT1: DMA2 Channel1 half transfer flag.
 395:Libraries/STM32F10x_StdPeriph_Driver/src/stm32f10x_dma.c ****   *     @arg DMA2_FLAG_TE1: DMA2 Channel1 transfer error flag.
 396:Libraries/STM32F10x_StdPeriph_Driver/src/stm32f10x_dma.c ****   *     @arg DMA2_FLAG_GL2: DMA2 Channel2 global flag.
 397:Libraries/STM32F10x_StdPeriph_Driver/src/stm32f10x_dma.c ****   *     @arg DMA2_FLAG_TC2: DMA2 Channel2 transfer complete flag.
 398:Libraries/STM32F10x_StdPeriph_Driver/src/stm32f10x_dma.c ****   *     @arg DMA2_FLAG_HT2: DMA2 Channel2 half transfer flag.
 399:Libraries/STM32F10x_StdPeriph_Driver/src/stm32f10x_dma.c ****   *     @arg DMA2_FLAG_TE2: DMA2 Channel2 transfer error flag.
 400:Libraries/STM32F10x_StdPeriph_Driver/src/stm32f10x_dma.c ****   *     @arg DMA2_FLAG_GL3: DMA2 Channel3 global flag.
 401:Libraries/STM32F10x_StdPeriph_Driver/src/stm32f10x_dma.c ****   *     @arg DMA2_FLAG_TC3: DMA2 Channel3 transfer complete flag.
 402:Libraries/STM32F10x_StdPeriph_Driver/src/stm32f10x_dma.c ****   *     @arg DMA2_FLAG_HT3: DMA2 Channel3 half transfer flag.
 403:Libraries/STM32F10x_StdPeriph_Driver/src/stm32f10x_dma.c ****   *     @arg DMA2_FLAG_TE3: DMA2 Channel3 transfer error flag.
 404:Libraries/STM32F10x_StdPeriph_Driver/src/stm32f10x_dma.c ****   *     @arg DMA2_FLAG_GL4: DMA2 Channel4 global flag.
 405:Libraries/STM32F10x_StdPeriph_Driver/src/stm32f10x_dma.c ****   *     @arg DMA2_FLAG_TC4: DMA2 Channel4 transfer complete flag.
 406:Libraries/STM32F10x_StdPeriph_Driver/src/stm32f10x_dma.c ****   *     @arg DMA2_FLAG_HT4: DMA2 Channel4 half transfer flag.
 407:Libraries/STM32F10x_StdPeriph_Driver/src/stm32f10x_dma.c ****   *     @arg DMA2_FLAG_TE4: DMA2 Channel4 transfer error flag.
 408:Libraries/STM32F10x_StdPeriph_Driver/src/stm32f10x_dma.c ****   *     @arg DMA2_FLAG_GL5: DMA2 Channel5 global flag.
 409:Libraries/STM32F10x_StdPeriph_Driver/src/stm32f10x_dma.c ****   *     @arg DMA2_FLAG_TC5: DMA2 Channel5 transfer complete flag.
 410:Libraries/STM32F10x_StdPeriph_Driver/src/stm32f10x_dma.c ****   *     @arg DMA2_FLAG_HT5: DMA2 Channel5 half transfer flag.
 411:Libraries/STM32F10x_StdPeriph_Driver/src/stm32f10x_dma.c ****   *     @arg DMA2_FLAG_TE5: DMA2 Channel5 transfer error flag.
 412:Libraries/STM32F10x_StdPeriph_Driver/src/stm32f10x_dma.c ****   * @retval The new state of DMA_FLAG (SET or RESET).
 413:Libraries/STM32F10x_StdPeriph_Driver/src/stm32f10x_dma.c ****   */
 414:Libraries/STM32F10x_StdPeriph_Driver/src/stm32f10x_dma.c **** FlagStatus DMA_GetFlagStatus(uint32_t DMA_FLAG)
 415:Libraries/STM32F10x_StdPeriph_Driver/src/stm32f10x_dma.c **** {
 432              		.loc 1 415 0
 433              		.cfi_startproc
 434              		@ args = 0, pretend = 0, frame = 0
 435              		@ frame_needed = 0, uses_anonymous_args = 0
 436              		@ link register save eliminated.
 437              	.LVL15:
 416:Libraries/STM32F10x_StdPeriph_Driver/src/stm32f10x_dma.c ****   FlagStatus bitstatus = RESET;
 417:Libraries/STM32F10x_StdPeriph_Driver/src/stm32f10x_dma.c ****   uint32_t tmpreg = 0;
 418:Libraries/STM32F10x_StdPeriph_Driver/src/stm32f10x_dma.c ****   /* Check the parameters */
 419:Libraries/STM32F10x_StdPeriph_Driver/src/stm32f10x_dma.c ****   assert_param(IS_DMA_GET_FLAG(DMA_FLAG));
 420:Libraries/STM32F10x_StdPeriph_Driver/src/stm32f10x_dma.c **** 
 421:Libraries/STM32F10x_StdPeriph_Driver/src/stm32f10x_dma.c ****   /* Calculate the used DMA */
 422:Libraries/STM32F10x_StdPeriph_Driver/src/stm32f10x_dma.c ****   if ((DMA_FLAG & FLAG_Mask) != (uint32_t)RESET)
 438              		.loc 1 422 0
 439 0000 C300     		lsls	r3, r0, #3
 423:Libraries/STM32F10x_StdPeriph_Driver/src/stm32f10x_dma.c ****   {
 424:Libraries/STM32F10x_StdPeriph_Driver/src/stm32f10x_dma.c ****     /* Get DMA2 ISR register value */
 425:Libraries/STM32F10x_StdPeriph_Driver/src/stm32f10x_dma.c ****     tmpreg = DMA2->ISR ;
 440              		.loc 1 425 0
 441 0002 4CBF     		ite	mi
 442 0004 034B     		ldrmi	r3, .L43
 426:Libraries/STM32F10x_StdPeriph_Driver/src/stm32f10x_dma.c ****   }
 427:Libraries/STM32F10x_StdPeriph_Driver/src/stm32f10x_dma.c ****   else
 428:Libraries/STM32F10x_StdPeriph_Driver/src/stm32f10x_dma.c ****   {
 429:Libraries/STM32F10x_StdPeriph_Driver/src/stm32f10x_dma.c ****     /* Get DMA1 ISR register value */
 430:Libraries/STM32F10x_StdPeriph_Driver/src/stm32f10x_dma.c ****     tmpreg = DMA1->ISR ;
 443              		.loc 1 430 0
 444 0006 044B     		ldrpl	r3, .L43+4
 445 0008 1B68     		ldr	r3, [r3]
 446              	.LVL16:
 431:Libraries/STM32F10x_StdPeriph_Driver/src/stm32f10x_dma.c ****   }
 432:Libraries/STM32F10x_StdPeriph_Driver/src/stm32f10x_dma.c **** 
 433:Libraries/STM32F10x_StdPeriph_Driver/src/stm32f10x_dma.c ****   /* Check the status of the specified DMA flag */
 434:Libraries/STM32F10x_StdPeriph_Driver/src/stm32f10x_dma.c ****   if ((tmpreg & DMA_FLAG) != (uint32_t)RESET)
 447              		.loc 1 434 0
 448 000a 0342     		tst	r3, r0
 435:Libraries/STM32F10x_StdPeriph_Driver/src/stm32f10x_dma.c ****   {
 436:Libraries/STM32F10x_StdPeriph_Driver/src/stm32f10x_dma.c ****     /* DMA_FLAG is set */
 437:Libraries/STM32F10x_StdPeriph_Driver/src/stm32f10x_dma.c ****     bitstatus = SET;
 438:Libraries/STM32F10x_StdPeriph_Driver/src/stm32f10x_dma.c ****   }
 439:Libraries/STM32F10x_StdPeriph_Driver/src/stm32f10x_dma.c ****   else
 440:Libraries/STM32F10x_StdPeriph_Driver/src/stm32f10x_dma.c ****   {
 441:Libraries/STM32F10x_StdPeriph_Driver/src/stm32f10x_dma.c ****     /* DMA_FLAG is reset */
 442:Libraries/STM32F10x_StdPeriph_Driver/src/stm32f10x_dma.c ****     bitstatus = RESET;
 443:Libraries/STM32F10x_StdPeriph_Driver/src/stm32f10x_dma.c ****   }
 444:Libraries/STM32F10x_StdPeriph_Driver/src/stm32f10x_dma.c ****   
 445:Libraries/STM32F10x_StdPeriph_Driver/src/stm32f10x_dma.c ****   /* Return the DMA_FLAG status */
 446:Libraries/STM32F10x_StdPeriph_Driver/src/stm32f10x_dma.c ****   return  bitstatus;
 447:Libraries/STM32F10x_StdPeriph_Driver/src/stm32f10x_dma.c **** }
 449              		.loc 1 447 0
 450 000c 14BF     		ite	ne
 451 000e 0120     		movne	r0, #1
 452              	.LVL17:
 453 0010 0020     		moveq	r0, #0
 454 0012 7047     		bx	lr
 455              	.L44:
 456              		.align	2
 457              	.L43:
 458 0014 00040240 		.word	1073873920
 459 0018 00000240 		.word	1073872896
 460              		.cfi_endproc
 461              	.LFE33:
 463              		.section	.text.DMA_ClearFlag,"ax",%progbits
 464              		.align	1
 465              		.p2align 2,,3
 466              		.global	DMA_ClearFlag
 467              		.syntax unified
 468              		.thumb
 469              		.thumb_func
 470              		.fpu softvfp
 472              	DMA_ClearFlag:
 473              	.LFB34:
 448:Libraries/STM32F10x_StdPeriph_Driver/src/stm32f10x_dma.c **** 
 449:Libraries/STM32F10x_StdPeriph_Driver/src/stm32f10x_dma.c **** /**
 450:Libraries/STM32F10x_StdPeriph_Driver/src/stm32f10x_dma.c ****   * @brief  Clears the DMAy Channelx's pending flags.
 451:Libraries/STM32F10x_StdPeriph_Driver/src/stm32f10x_dma.c ****   * @param  DMA_FLAG: specifies the flag to clear.
 452:Libraries/STM32F10x_StdPeriph_Driver/src/stm32f10x_dma.c ****   *   This parameter can be any combination (for the same DMA) of the following values:
 453:Libraries/STM32F10x_StdPeriph_Driver/src/stm32f10x_dma.c ****   *     @arg DMA1_FLAG_GL1: DMA1 Channel1 global flag.
 454:Libraries/STM32F10x_StdPeriph_Driver/src/stm32f10x_dma.c ****   *     @arg DMA1_FLAG_TC1: DMA1 Channel1 transfer complete flag.
 455:Libraries/STM32F10x_StdPeriph_Driver/src/stm32f10x_dma.c ****   *     @arg DMA1_FLAG_HT1: DMA1 Channel1 half transfer flag.
 456:Libraries/STM32F10x_StdPeriph_Driver/src/stm32f10x_dma.c ****   *     @arg DMA1_FLAG_TE1: DMA1 Channel1 transfer error flag.
 457:Libraries/STM32F10x_StdPeriph_Driver/src/stm32f10x_dma.c ****   *     @arg DMA1_FLAG_GL2: DMA1 Channel2 global flag.
 458:Libraries/STM32F10x_StdPeriph_Driver/src/stm32f10x_dma.c ****   *     @arg DMA1_FLAG_TC2: DMA1 Channel2 transfer complete flag.
 459:Libraries/STM32F10x_StdPeriph_Driver/src/stm32f10x_dma.c ****   *     @arg DMA1_FLAG_HT2: DMA1 Channel2 half transfer flag.
 460:Libraries/STM32F10x_StdPeriph_Driver/src/stm32f10x_dma.c ****   *     @arg DMA1_FLAG_TE2: DMA1 Channel2 transfer error flag.
 461:Libraries/STM32F10x_StdPeriph_Driver/src/stm32f10x_dma.c ****   *     @arg DMA1_FLAG_GL3: DMA1 Channel3 global flag.
 462:Libraries/STM32F10x_StdPeriph_Driver/src/stm32f10x_dma.c ****   *     @arg DMA1_FLAG_TC3: DMA1 Channel3 transfer complete flag.
 463:Libraries/STM32F10x_StdPeriph_Driver/src/stm32f10x_dma.c ****   *     @arg DMA1_FLAG_HT3: DMA1 Channel3 half transfer flag.
 464:Libraries/STM32F10x_StdPeriph_Driver/src/stm32f10x_dma.c ****   *     @arg DMA1_FLAG_TE3: DMA1 Channel3 transfer error flag.
 465:Libraries/STM32F10x_StdPeriph_Driver/src/stm32f10x_dma.c ****   *     @arg DMA1_FLAG_GL4: DMA1 Channel4 global flag.
 466:Libraries/STM32F10x_StdPeriph_Driver/src/stm32f10x_dma.c ****   *     @arg DMA1_FLAG_TC4: DMA1 Channel4 transfer complete flag.
 467:Libraries/STM32F10x_StdPeriph_Driver/src/stm32f10x_dma.c ****   *     @arg DMA1_FLAG_HT4: DMA1 Channel4 half transfer flag.
 468:Libraries/STM32F10x_StdPeriph_Driver/src/stm32f10x_dma.c ****   *     @arg DMA1_FLAG_TE4: DMA1 Channel4 transfer error flag.
 469:Libraries/STM32F10x_StdPeriph_Driver/src/stm32f10x_dma.c ****   *     @arg DMA1_FLAG_GL5: DMA1 Channel5 global flag.
 470:Libraries/STM32F10x_StdPeriph_Driver/src/stm32f10x_dma.c ****   *     @arg DMA1_FLAG_TC5: DMA1 Channel5 transfer complete flag.
 471:Libraries/STM32F10x_StdPeriph_Driver/src/stm32f10x_dma.c ****   *     @arg DMA1_FLAG_HT5: DMA1 Channel5 half transfer flag.
 472:Libraries/STM32F10x_StdPeriph_Driver/src/stm32f10x_dma.c ****   *     @arg DMA1_FLAG_TE5: DMA1 Channel5 transfer error flag.
 473:Libraries/STM32F10x_StdPeriph_Driver/src/stm32f10x_dma.c ****   *     @arg DMA1_FLAG_GL6: DMA1 Channel6 global flag.
 474:Libraries/STM32F10x_StdPeriph_Driver/src/stm32f10x_dma.c ****   *     @arg DMA1_FLAG_TC6: DMA1 Channel6 transfer complete flag.
 475:Libraries/STM32F10x_StdPeriph_Driver/src/stm32f10x_dma.c ****   *     @arg DMA1_FLAG_HT6: DMA1 Channel6 half transfer flag.
 476:Libraries/STM32F10x_StdPeriph_Driver/src/stm32f10x_dma.c ****   *     @arg DMA1_FLAG_TE6: DMA1 Channel6 transfer error flag.
 477:Libraries/STM32F10x_StdPeriph_Driver/src/stm32f10x_dma.c ****   *     @arg DMA1_FLAG_GL7: DMA1 Channel7 global flag.
 478:Libraries/STM32F10x_StdPeriph_Driver/src/stm32f10x_dma.c ****   *     @arg DMA1_FLAG_TC7: DMA1 Channel7 transfer complete flag.
 479:Libraries/STM32F10x_StdPeriph_Driver/src/stm32f10x_dma.c ****   *     @arg DMA1_FLAG_HT7: DMA1 Channel7 half transfer flag.
 480:Libraries/STM32F10x_StdPeriph_Driver/src/stm32f10x_dma.c ****   *     @arg DMA1_FLAG_TE7: DMA1 Channel7 transfer error flag.
 481:Libraries/STM32F10x_StdPeriph_Driver/src/stm32f10x_dma.c ****   *     @arg DMA2_FLAG_GL1: DMA2 Channel1 global flag.
 482:Libraries/STM32F10x_StdPeriph_Driver/src/stm32f10x_dma.c ****   *     @arg DMA2_FLAG_TC1: DMA2 Channel1 transfer complete flag.
 483:Libraries/STM32F10x_StdPeriph_Driver/src/stm32f10x_dma.c ****   *     @arg DMA2_FLAG_HT1: DMA2 Channel1 half transfer flag.
 484:Libraries/STM32F10x_StdPeriph_Driver/src/stm32f10x_dma.c ****   *     @arg DMA2_FLAG_TE1: DMA2 Channel1 transfer error flag.
 485:Libraries/STM32F10x_StdPeriph_Driver/src/stm32f10x_dma.c ****   *     @arg DMA2_FLAG_GL2: DMA2 Channel2 global flag.
 486:Libraries/STM32F10x_StdPeriph_Driver/src/stm32f10x_dma.c ****   *     @arg DMA2_FLAG_TC2: DMA2 Channel2 transfer complete flag.
 487:Libraries/STM32F10x_StdPeriph_Driver/src/stm32f10x_dma.c ****   *     @arg DMA2_FLAG_HT2: DMA2 Channel2 half transfer flag.
 488:Libraries/STM32F10x_StdPeriph_Driver/src/stm32f10x_dma.c ****   *     @arg DMA2_FLAG_TE2: DMA2 Channel2 transfer error flag.
 489:Libraries/STM32F10x_StdPeriph_Driver/src/stm32f10x_dma.c ****   *     @arg DMA2_FLAG_GL3: DMA2 Channel3 global flag.
 490:Libraries/STM32F10x_StdPeriph_Driver/src/stm32f10x_dma.c ****   *     @arg DMA2_FLAG_TC3: DMA2 Channel3 transfer complete flag.
 491:Libraries/STM32F10x_StdPeriph_Driver/src/stm32f10x_dma.c ****   *     @arg DMA2_FLAG_HT3: DMA2 Channel3 half transfer flag.
 492:Libraries/STM32F10x_StdPeriph_Driver/src/stm32f10x_dma.c ****   *     @arg DMA2_FLAG_TE3: DMA2 Channel3 transfer error flag.
 493:Libraries/STM32F10x_StdPeriph_Driver/src/stm32f10x_dma.c ****   *     @arg DMA2_FLAG_GL4: DMA2 Channel4 global flag.
 494:Libraries/STM32F10x_StdPeriph_Driver/src/stm32f10x_dma.c ****   *     @arg DMA2_FLAG_TC4: DMA2 Channel4 transfer complete flag.
 495:Libraries/STM32F10x_StdPeriph_Driver/src/stm32f10x_dma.c ****   *     @arg DMA2_FLAG_HT4: DMA2 Channel4 half transfer flag.
 496:Libraries/STM32F10x_StdPeriph_Driver/src/stm32f10x_dma.c ****   *     @arg DMA2_FLAG_TE4: DMA2 Channel4 transfer error flag.
 497:Libraries/STM32F10x_StdPeriph_Driver/src/stm32f10x_dma.c ****   *     @arg DMA2_FLAG_GL5: DMA2 Channel5 global flag.
 498:Libraries/STM32F10x_StdPeriph_Driver/src/stm32f10x_dma.c ****   *     @arg DMA2_FLAG_TC5: DMA2 Channel5 transfer complete flag.
 499:Libraries/STM32F10x_StdPeriph_Driver/src/stm32f10x_dma.c ****   *     @arg DMA2_FLAG_HT5: DMA2 Channel5 half transfer flag.
 500:Libraries/STM32F10x_StdPeriph_Driver/src/stm32f10x_dma.c ****   *     @arg DMA2_FLAG_TE5: DMA2 Channel5 transfer error flag.
 501:Libraries/STM32F10x_StdPeriph_Driver/src/stm32f10x_dma.c ****   * @retval None
 502:Libraries/STM32F10x_StdPeriph_Driver/src/stm32f10x_dma.c ****   */
 503:Libraries/STM32F10x_StdPeriph_Driver/src/stm32f10x_dma.c **** void DMA_ClearFlag(uint32_t DMA_FLAG)
 504:Libraries/STM32F10x_StdPeriph_Driver/src/stm32f10x_dma.c **** {
 474              		.loc 1 504 0
 475              		.cfi_startproc
 476              		@ args = 0, pretend = 0, frame = 0
 477              		@ frame_needed = 0, uses_anonymous_args = 0
 478              		@ link register save eliminated.
 479              	.LVL18:
 505:Libraries/STM32F10x_StdPeriph_Driver/src/stm32f10x_dma.c ****   /* Check the parameters */
 506:Libraries/STM32F10x_StdPeriph_Driver/src/stm32f10x_dma.c ****   assert_param(IS_DMA_CLEAR_FLAG(DMA_FLAG));
 507:Libraries/STM32F10x_StdPeriph_Driver/src/stm32f10x_dma.c ****   /* Calculate the used DMA */
 508:Libraries/STM32F10x_StdPeriph_Driver/src/stm32f10x_dma.c **** 
 509:Libraries/STM32F10x_StdPeriph_Driver/src/stm32f10x_dma.c ****   if ((DMA_FLAG & FLAG_Mask) != (uint32_t)RESET)
 480              		.loc 1 509 0
 481 0000 C300     		lsls	r3, r0, #3
 510:Libraries/STM32F10x_StdPeriph_Driver/src/stm32f10x_dma.c ****   {
 511:Libraries/STM32F10x_StdPeriph_Driver/src/stm32f10x_dma.c ****     /* Clear the selected DMA flags */
 512:Libraries/STM32F10x_StdPeriph_Driver/src/stm32f10x_dma.c ****     DMA2->IFCR = DMA_FLAG;
 482              		.loc 1 512 0
 483 0002 4CBF     		ite	mi
 484 0004 014B     		ldrmi	r3, .L48
 513:Libraries/STM32F10x_StdPeriph_Driver/src/stm32f10x_dma.c ****   }
 514:Libraries/STM32F10x_StdPeriph_Driver/src/stm32f10x_dma.c ****   else
 515:Libraries/STM32F10x_StdPeriph_Driver/src/stm32f10x_dma.c ****   {
 516:Libraries/STM32F10x_StdPeriph_Driver/src/stm32f10x_dma.c ****     /* Clear the selected DMA flags */
 517:Libraries/STM32F10x_StdPeriph_Driver/src/stm32f10x_dma.c ****     DMA1->IFCR = DMA_FLAG;
 485              		.loc 1 517 0
 486 0006 024B     		ldrpl	r3, .L48+4
 487 0008 5860     		str	r0, [r3, #4]
 518:Libraries/STM32F10x_StdPeriph_Driver/src/stm32f10x_dma.c ****   }
 519:Libraries/STM32F10x_StdPeriph_Driver/src/stm32f10x_dma.c **** }
 488              		.loc 1 519 0
 489 000a 7047     		bx	lr
 490              	.L49:
 491              		.align	2
 492              	.L48:
 493 000c 00040240 		.word	1073873920
 494 0010 00000240 		.word	1073872896
 495              		.cfi_endproc
 496              	.LFE34:
 498              		.section	.text.DMA_GetITStatus,"ax",%progbits
 499              		.align	1
 500              		.p2align 2,,3
 501              		.global	DMA_GetITStatus
 502              		.syntax unified
 503              		.thumb
 504              		.thumb_func
 505              		.fpu softvfp
 507              	DMA_GetITStatus:
 508              	.LFB38:
 509              		.cfi_startproc
 510              		@ args = 0, pretend = 0, frame = 0
 511              		@ frame_needed = 0, uses_anonymous_args = 0
 512              		@ link register save eliminated.
 513 0000 004B     		ldr	r3, .L51
 514 0002 1847     		bx	r3
 515              	.L52:
 516              		.align	2
 517              	.L51:
 518 0004 00000000 		.word	DMA_GetFlagStatus
 519              		.cfi_endproc
 520              	.LFE38:
 522              		.section	.text.DMA_ClearITPendingBit,"ax",%progbits
 523              		.align	1
 524              		.p2align 2,,3
 525              		.global	DMA_ClearITPendingBit
 526              		.syntax unified
 527              		.thumb
 528              		.thumb_func
 529              		.fpu softvfp
 531              	DMA_ClearITPendingBit:
 532              	.LFB40:
 533              		.cfi_startproc
 534              		@ args = 0, pretend = 0, frame = 0
 535              		@ frame_needed = 0, uses_anonymous_args = 0
 536              		@ link register save eliminated.
 537 0000 004B     		ldr	r3, .L54
 538 0002 1847     		bx	r3	@ indirect register sibling call
 539              	.L55:
 540              		.align	2
 541              	.L54:
 542 0004 00000000 		.word	DMA_ClearFlag
 543              		.cfi_endproc
 544              	.LFE40:
 546              		.text
 547              	.Letext0:
 548              		.file 2 "c:\\program files (x86)\\gnu tools arm embedded\\7 2017-q4-major\\arm-none-eabi\\include\
 549              		.file 3 "c:\\program files (x86)\\gnu tools arm embedded\\7 2017-q4-major\\arm-none-eabi\\include\
 550              		.file 4 "./Libraries/CMSIS/Core/CM3/system_stm32f10x.h"
 551              		.file 5 "./Libraries/CMSIS/Core/CM3/stm32f10x.h"
 552              		.file 6 "./Libraries/STM32F10x_StdPeriph_Driver/inc/stm32f10x_dma.h"
DEFINED SYMBOLS
                            *ABS*:00000000 stm32f10x_dma.c
C:\Users\BOBAFW~1\AppData\Local\Temp\ccfyF0PA.s:16     .text.DMA_DeInit:00000000 $t
C:\Users\BOBAFW~1\AppData\Local\Temp\ccfyF0PA.s:24     .text.DMA_DeInit:00000000 DMA_DeInit
C:\Users\BOBAFW~1\AppData\Local\Temp\ccfyF0PA.s:187    .text.DMA_DeInit:000000ec $d
C:\Users\BOBAFW~1\AppData\Local\Temp\ccfyF0PA.s:205    .text.DMA_Init:00000000 $t
C:\Users\BOBAFW~1\AppData\Local\Temp\ccfyF0PA.s:213    .text.DMA_Init:00000000 DMA_Init
C:\Users\BOBAFW~1\AppData\Local\Temp\ccfyF0PA.s:289    .text.DMA_StructInit:00000000 $t
C:\Users\BOBAFW~1\AppData\Local\Temp\ccfyF0PA.s:297    .text.DMA_StructInit:00000000 DMA_StructInit
C:\Users\BOBAFW~1\AppData\Local\Temp\ccfyF0PA.s:325    .text.DMA_Cmd:00000000 $t
C:\Users\BOBAFW~1\AppData\Local\Temp\ccfyF0PA.s:333    .text.DMA_Cmd:00000000 DMA_Cmd
C:\Users\BOBAFW~1\AppData\Local\Temp\ccfyF0PA.s:359    .text.DMA_ITConfig:00000000 $t
C:\Users\BOBAFW~1\AppData\Local\Temp\ccfyF0PA.s:367    .text.DMA_ITConfig:00000000 DMA_ITConfig
C:\Users\BOBAFW~1\AppData\Local\Temp\ccfyF0PA.s:396    .text.DMA_GetCurrDataCounter:00000000 $t
C:\Users\BOBAFW~1\AppData\Local\Temp\ccfyF0PA.s:404    .text.DMA_GetCurrDataCounter:00000000 DMA_GetCurrDataCounter
C:\Users\BOBAFW~1\AppData\Local\Temp\ccfyF0PA.s:422    .text.DMA_GetFlagStatus:00000000 $t
C:\Users\BOBAFW~1\AppData\Local\Temp\ccfyF0PA.s:430    .text.DMA_GetFlagStatus:00000000 DMA_GetFlagStatus
C:\Users\BOBAFW~1\AppData\Local\Temp\ccfyF0PA.s:458    .text.DMA_GetFlagStatus:00000014 $d
C:\Users\BOBAFW~1\AppData\Local\Temp\ccfyF0PA.s:464    .text.DMA_ClearFlag:00000000 $t
C:\Users\BOBAFW~1\AppData\Local\Temp\ccfyF0PA.s:472    .text.DMA_ClearFlag:00000000 DMA_ClearFlag
C:\Users\BOBAFW~1\AppData\Local\Temp\ccfyF0PA.s:493    .text.DMA_ClearFlag:0000000c $d
C:\Users\BOBAFW~1\AppData\Local\Temp\ccfyF0PA.s:499    .text.DMA_GetITStatus:00000000 $t
C:\Users\BOBAFW~1\AppData\Local\Temp\ccfyF0PA.s:507    .text.DMA_GetITStatus:00000000 DMA_GetITStatus
C:\Users\BOBAFW~1\AppData\Local\Temp\ccfyF0PA.s:518    .text.DMA_GetITStatus:00000004 $d
C:\Users\BOBAFW~1\AppData\Local\Temp\ccfyF0PA.s:523    .text.DMA_ClearITPendingBit:00000000 $t
C:\Users\BOBAFW~1\AppData\Local\Temp\ccfyF0PA.s:531    .text.DMA_ClearITPendingBit:00000000 DMA_ClearITPendingBit
C:\Users\BOBAFW~1\AppData\Local\Temp\ccfyF0PA.s:542    .text.DMA_ClearITPendingBit:00000004 $d

NO UNDEFINED SYMBOLS
