   1              		.cpu cortex-m3
   2              		.eabi_attribute 20, 1
   3              		.eabi_attribute 21, 1
   4              		.eabi_attribute 23, 3
   5              		.eabi_attribute 24, 1
   6              		.eabi_attribute 25, 1
   7              		.eabi_attribute 26, 1
   8              		.eabi_attribute 30, 2
   9              		.eabi_attribute 34, 1
  10              		.eabi_attribute 18, 4
  11              		.file	"u8g_font_gdr30n.c"
  12              		.text
  13              	.Ltext0:
  14              		.cfi_sections	.debug_frame
  15              		.global	u8g_font_gdr30n
  16              		.section	.rodata.u8g_font_gdr30n,"a",%progbits
  17              		.align	2
  20              	u8g_font_gdr30n:
  21 0000 00       		.byte	0
  22 0001 47       		.byte	71
  23 0002 44       		.byte	68
  24 0003 E8       		.byte	-24
  25 0004 EF       		.byte	-17
  26 0005 1D       		.byte	29
  27 0006 00       		.byte	0
  28 0007 00       		.byte	0
  29 0008 00       		.byte	0
  30 0009 00       		.byte	0
  31 000a 2A       		.byte	42
  32 000b 3A       		.byte	58
  33 000c 00       		.byte	0
  34 000d 26       		.byte	38
  35 000e F8       		.byte	-8
  36 000f 1D       		.byte	29
  37 0010 00       		.byte	0
  38 0011 12       		.byte	18
  39 0012 14       		.byte	20
  40 0013 3C       		.byte	60
  41 0014 15       		.byte	21
  42 0015 02       		.byte	2
  43 0016 11       		.byte	17
  44 0017 00       		.byte	0
  45 0018 C0       		.byte	-64
  46 0019 00       		.byte	0
  47 001a 01       		.byte	1
  48 001b C0       		.byte	-64
  49 001c 00       		.byte	0
  50 001d 01       		.byte	1
  51 001e C0       		.byte	-64
  52 001f 00       		.byte	0
  53 0020 01       		.byte	1
  54 0021 C0       		.byte	-64
  55 0022 00       		.byte	0
  56 0023 C1       		.byte	-63
  57 0024 C1       		.byte	-63
  58 0025 00       		.byte	0
  59 0026 F0       		.byte	-16
  60 0027 C3       		.byte	-61
  61 0028 C0       		.byte	-64
  62 0029 F8       		.byte	-8
  63 002a CF       		.byte	-49
  64 002b C0       		.byte	-64
  65 002c 7C       		.byte	124
  66 002d DF       		.byte	-33
  67 002e 00       		.byte	0
  68 002f 0F       		.byte	15
  69 0030 FC       		.byte	-4
  70 0031 00       		.byte	0
  71 0032 03       		.byte	3
  72 0033 E0       		.byte	-32
  73 0034 00       		.byte	0
  74 0035 03       		.byte	3
  75 0036 E0       		.byte	-32
  76 0037 00       		.byte	0
  77 0038 0F       		.byte	15
  78 0039 FC       		.byte	-4
  79 003a 00       		.byte	0
  80 003b 3C       		.byte	60
  81 003c DF       		.byte	-33
  82 003d 00       		.byte	0
  83 003e F8       		.byte	-8
  84 003f CF       		.byte	-49
  85 0040 80       		.byte	-128
  86 0041 F0       		.byte	-16
  87 0042 C3       		.byte	-61
  88 0043 80       		.byte	-128
  89 0044 40       		.byte	64
  90 0045 C1       		.byte	-63
  91 0046 80       		.byte	-128
  92 0047 01       		.byte	1
  93 0048 C0       		.byte	-64
  94 0049 00       		.byte	0
  95 004a 01       		.byte	1
  96 004b C0       		.byte	-64
  97 004c 00       		.byte	0
  98 004d 01       		.byte	1
  99 004e C0       		.byte	-64
 100 004f 00       		.byte	0
 101 0050 01       		.byte	1
 102 0051 80       		.byte	-128
 103 0052 00       		.byte	0
 104 0053 11       		.byte	17
 105 0054 11       		.byte	17
 106 0055 33       		.byte	51
 107 0056 14       		.byte	20
 108 0057 01       		.byte	1
 109 0058 05       		.byte	5
 110 0059 00       		.byte	0
 111 005a C0       		.byte	-64
 112 005b 00       		.byte	0
 113 005c 01       		.byte	1
 114 005d C0       		.byte	-64
 115 005e 00       		.byte	0
 116 005f 01       		.byte	1
 117 0060 C0       		.byte	-64
 118 0061 00       		.byte	0
 119 0062 01       		.byte	1
 120 0063 C0       		.byte	-64
 121 0064 00       		.byte	0
 122 0065 01       		.byte	1
 123 0066 C0       		.byte	-64
 124 0067 00       		.byte	0
 125 0068 01       		.byte	1
 126 0069 C0       		.byte	-64
 127 006a 00       		.byte	0
 128 006b 01       		.byte	1
 129 006c C0       		.byte	-64
 130 006d 00       		.byte	0
 131 006e 01       		.byte	1
 132 006f C0       		.byte	-64
 133 0070 00       		.byte	0
 134 0071 FF       		.byte	-1
 135 0072 FF       		.byte	-1
 136 0073 80       		.byte	-128
 137 0074 FF       		.byte	-1
 138 0075 FF       		.byte	-1
 139 0076 80       		.byte	-128
 140 0077 01       		.byte	1
 141 0078 C0       		.byte	-64
 142 0079 00       		.byte	0
 143 007a 01       		.byte	1
 144 007b C0       		.byte	-64
 145 007c 00       		.byte	0
 146 007d 01       		.byte	1
 147 007e C0       		.byte	-64
 148 007f 00       		.byte	0
 149 0080 01       		.byte	1
 150 0081 C0       		.byte	-64
 151 0082 00       		.byte	0
 152 0083 01       		.byte	1
 153 0084 C0       		.byte	-64
 154 0085 00       		.byte	0
 155 0086 01       		.byte	1
 156 0087 C0       		.byte	-64
 157 0088 00       		.byte	0
 158 0089 01       		.byte	1
 159 008a 80       		.byte	-128
 160 008b 00       		.byte	0
 161 008c 07       		.byte	7
 162 008d 0D       		.byte	13
 163 008e 0D       		.byte	13
 164 008f 0B       		.byte	11
 165 0090 02       		.byte	2
 166 0091 F9       		.byte	-7
 167 0092 08       		.byte	8
 168 0093 3C       		.byte	60
 169 0094 FE       		.byte	-2
 170 0095 FE       		.byte	-2
 171 0096 1E       		.byte	30
 172 0097 1E       		.byte	30
 173 0098 1E       		.byte	30
 174 0099 1C       		.byte	28
 175 009a 1C       		.byte	28
 176 009b 38       		.byte	56
 177 009c 30       		.byte	48
 178 009d 60       		.byte	96
 179 009e 40       		.byte	64
 180 009f 0E       		.byte	14
 181 00a0 02       		.byte	2
 182 00a1 04       		.byte	4
 183 00a2 10       		.byte	16
 184 00a3 01       		.byte	1
 185 00a4 0B       		.byte	11
 186 00a5 7F       		.byte	127
 187 00a6 FC       		.byte	-4
 188 00a7 FF       		.byte	-1
 189 00a8 F8       		.byte	-8
 190 00a9 06       		.byte	6
 191 00aa 06       		.byte	6
 192 00ab 06       		.byte	6
 193 00ac 0B       		.byte	11
 194 00ad 03       		.byte	3
 195 00ae FF       		.byte	-1
 196 00af 38       		.byte	56
 197 00b0 7C       		.byte	124
 198 00b1 FC       		.byte	-4
 199 00b2 FC       		.byte	-4
 200 00b3 F8       		.byte	-8
 201 00b4 70       		.byte	112
 202 00b5 14       		.byte	20
 203 00b6 2E       		.byte	46
 204 00b7 8A       		.byte	-118
 205 00b8 17       		.byte	23
 206 00b9 01       		.byte	1
 207 00ba F8       		.byte	-8
 208 00bb 00       		.byte	0
 209 00bc 00       		.byte	0
 210 00bd 30       		.byte	48
 211 00be 00       		.byte	0
 212 00bf 00       		.byte	0
 213 00c0 F0       		.byte	-16
 214 00c1 00       		.byte	0
 215 00c2 00       		.byte	0
 216 00c3 F0       		.byte	-16
 217 00c4 00       		.byte	0
 218 00c5 00       		.byte	0
 219 00c6 E0       		.byte	-32
 220 00c7 00       		.byte	0
 221 00c8 01       		.byte	1
 222 00c9 E0       		.byte	-32
 223 00ca 00       		.byte	0
 224 00cb 01       		.byte	1
 225 00cc C0       		.byte	-64
 226 00cd 00       		.byte	0
 227 00ce 01       		.byte	1
 228 00cf C0       		.byte	-64
 229 00d0 00       		.byte	0
 230 00d1 03       		.byte	3
 231 00d2 C0       		.byte	-64
 232 00d3 00       		.byte	0
 233 00d4 03       		.byte	3
 234 00d5 80       		.byte	-128
 235 00d6 00       		.byte	0
 236 00d7 07       		.byte	7
 237 00d8 80       		.byte	-128
 238 00d9 00       		.byte	0
 239 00da 07       		.byte	7
 240 00db 80       		.byte	-128
 241 00dc 00       		.byte	0
 242 00dd 07       		.byte	7
 243 00de 00       		.byte	0
 244 00df 00       		.byte	0
 245 00e0 0F       		.byte	15
 246 00e1 00       		.byte	0
 247 00e2 00       		.byte	0
 248 00e3 0F       		.byte	15
 249 00e4 00       		.byte	0
 250 00e5 00       		.byte	0
 251 00e6 0E       		.byte	14
 252 00e7 00       		.byte	0
 253 00e8 00       		.byte	0
 254 00e9 1E       		.byte	30
 255 00ea 00       		.byte	0
 256 00eb 00       		.byte	0
 257 00ec 1C       		.byte	28
 258 00ed 00       		.byte	0
 259 00ee 00       		.byte	0
 260 00ef 1C       		.byte	28
 261 00f0 00       		.byte	0
 262 00f1 00       		.byte	0
 263 00f2 3C       		.byte	60
 264 00f3 00       		.byte	0
 265 00f4 00       		.byte	0
 266 00f5 38       		.byte	56
 267 00f6 00       		.byte	0
 268 00f7 00       		.byte	0
 269 00f8 78       		.byte	120
 270 00f9 00       		.byte	0
 271 00fa 00       		.byte	0
 272 00fb 78       		.byte	120
 273 00fc 00       		.byte	0
 274 00fd 00       		.byte	0
 275 00fe 70       		.byte	112
 276 00ff 00       		.byte	0
 277 0100 00       		.byte	0
 278 0101 F0       		.byte	-16
 279 0102 00       		.byte	0
 280 0103 00       		.byte	0
 281 0104 E0       		.byte	-32
 282 0105 00       		.byte	0
 283 0106 00       		.byte	0
 284 0107 E0       		.byte	-32
 285 0108 00       		.byte	0
 286 0109 01       		.byte	1
 287 010a E0       		.byte	-32
 288 010b 00       		.byte	0
 289 010c 01       		.byte	1
 290 010d C0       		.byte	-64
 291 010e 00       		.byte	0
 292 010f 03       		.byte	3
 293 0110 C0       		.byte	-64
 294 0111 00       		.byte	0
 295 0112 03       		.byte	3
 296 0113 C0       		.byte	-64
 297 0114 00       		.byte	0
 298 0115 03       		.byte	3
 299 0116 80       		.byte	-128
 300 0117 00       		.byte	0
 301 0118 07       		.byte	7
 302 0119 80       		.byte	-128
 303 011a 00       		.byte	0
 304 011b 07       		.byte	7
 305 011c 80       		.byte	-128
 306 011d 00       		.byte	0
 307 011e 07       		.byte	7
 308 011f 00       		.byte	0
 309 0120 00       		.byte	0
 310 0121 0F       		.byte	15
 311 0122 00       		.byte	0
 312 0123 00       		.byte	0
 313 0124 0E       		.byte	14
 314 0125 00       		.byte	0
 315 0126 00       		.byte	0
 316 0127 1E       		.byte	30
 317 0128 00       		.byte	0
 318 0129 00       		.byte	0
 319 012a 1E       		.byte	30
 320 012b 00       		.byte	0
 321 012c 00       		.byte	0
 322 012d 1C       		.byte	28
 323 012e 00       		.byte	0
 324 012f 00       		.byte	0
 325 0130 3C       		.byte	60
 326 0131 00       		.byte	0
 327 0132 00       		.byte	0
 328 0133 3C       		.byte	60
 329 0134 00       		.byte	0
 330 0135 00       		.byte	0
 331 0136 38       		.byte	56
 332 0137 00       		.byte	0
 333 0138 00       		.byte	0
 334 0139 78       		.byte	120
 335 013a 00       		.byte	0
 336 013b 00       		.byte	0
 337 013c 70       		.byte	112
 338 013d 00       		.byte	0
 339 013e 00       		.byte	0
 340 013f F0       		.byte	-16
 341 0140 00       		.byte	0
 342 0141 00       		.byte	0
 343 0142 C0       		.byte	-64
 344 0143 00       		.byte	0
 345 0144 00       		.byte	0
 346 0145 13       		.byte	19
 347 0146 1D       		.byte	29
 348 0147 57       		.byte	87
 349 0148 17       		.byte	23
 350 0149 02       		.byte	2
 351 014a 00       		.byte	0
 352 014b 01       		.byte	1
 353 014c F8       		.byte	-8
 354 014d 00       		.byte	0
 355 014e 07       		.byte	7
 356 014f FC       		.byte	-4
 357 0150 00       		.byte	0
 358 0151 0E       		.byte	14
 359 0152 1E       		.byte	30
 360 0153 00       		.byte	0
 361 0154 1C       		.byte	28
 362 0155 0F       		.byte	15
 363 0156 00       		.byte	0
 364 0157 18       		.byte	24
 365 0158 07       		.byte	7
 366 0159 80       		.byte	-128
 367 015a 38       		.byte	56
 368 015b 07       		.byte	7
 369 015c 80       		.byte	-128
 370 015d 38       		.byte	56
 371 015e 03       		.byte	3
 372 015f C0       		.byte	-64
 373 0160 70       		.byte	112
 374 0161 03       		.byte	3
 375 0162 C0       		.byte	-64
 376 0163 70       		.byte	112
 377 0164 03       		.byte	3
 378 0165 C0       		.byte	-64
 379 0166 70       		.byte	112
 380 0167 03       		.byte	3
 381 0168 E0       		.byte	-32
 382 0169 F0       		.byte	-16
 383 016a 01       		.byte	1
 384 016b E0       		.byte	-32
 385 016c F0       		.byte	-16
 386 016d 01       		.byte	1
 387 016e E0       		.byte	-32
 388 016f F0       		.byte	-16
 389 0170 01       		.byte	1
 390 0171 E0       		.byte	-32
 391 0172 F0       		.byte	-16
 392 0173 01       		.byte	1
 393 0174 E0       		.byte	-32
 394 0175 F0       		.byte	-16
 395 0176 01       		.byte	1
 396 0177 E0       		.byte	-32
 397 0178 F0       		.byte	-16
 398 0179 01       		.byte	1
 399 017a E0       		.byte	-32
 400 017b F0       		.byte	-16
 401 017c 01       		.byte	1
 402 017d E0       		.byte	-32
 403 017e F0       		.byte	-16
 404 017f 01       		.byte	1
 405 0180 E0       		.byte	-32
 406 0181 F0       		.byte	-16
 407 0182 01       		.byte	1
 408 0183 E0       		.byte	-32
 409 0184 F0       		.byte	-16
 410 0185 01       		.byte	1
 411 0186 C0       		.byte	-64
 412 0187 78       		.byte	120
 413 0188 01       		.byte	1
 414 0189 C0       		.byte	-64
 415 018a 78       		.byte	120
 416 018b 03       		.byte	3
 417 018c C0       		.byte	-64
 418 018d 78       		.byte	120
 419 018e 03       		.byte	3
 420 018f 80       		.byte	-128
 421 0190 3C       		.byte	60
 422 0191 03       		.byte	3
 423 0192 80       		.byte	-128
 424 0193 3C       		.byte	60
 425 0194 03       		.byte	3
 426 0195 00       		.byte	0
 427 0196 1E       		.byte	30
 428 0197 07       		.byte	7
 429 0198 00       		.byte	0
 430 0199 0F       		.byte	15
 431 019a 0E       		.byte	14
 432 019b 00       		.byte	0
 433 019c 07       		.byte	7
 434 019d FC       		.byte	-4
 435 019e 00       		.byte	0
 436 019f 03       		.byte	3
 437 01a0 F0       		.byte	-16
 438 01a1 00       		.byte	0
 439 01a2 11       		.byte	17
 440 01a3 1D       		.byte	29
 441 01a4 57       		.byte	87
 442 01a5 17       		.byte	23
 443 01a6 03       		.byte	3
 444 01a7 00       		.byte	0
 445 01a8 00       		.byte	0
 446 01a9 60       		.byte	96
 447 01aa 00       		.byte	0
 448 01ab 01       		.byte	1
 449 01ac E0       		.byte	-32
 450 01ad 00       		.byte	0
 451 01ae 0F       		.byte	15
 452 01af E0       		.byte	-32
 453 01b0 00       		.byte	0
 454 01b1 7F       		.byte	127
 455 01b2 E0       		.byte	-32
 456 01b3 00       		.byte	0
 457 01b4 FF       		.byte	-1
 458 01b5 E0       		.byte	-32
 459 01b6 00       		.byte	0
 460 01b7 01       		.byte	1
 461 01b8 E0       		.byte	-32
 462 01b9 00       		.byte	0
 463 01ba 01       		.byte	1
 464 01bb E0       		.byte	-32
 465 01bc 00       		.byte	0
 466 01bd 01       		.byte	1
 467 01be E0       		.byte	-32
 468 01bf 00       		.byte	0
 469 01c0 01       		.byte	1
 470 01c1 E0       		.byte	-32
 471 01c2 00       		.byte	0
 472 01c3 01       		.byte	1
 473 01c4 E0       		.byte	-32
 474 01c5 00       		.byte	0
 475 01c6 01       		.byte	1
 476 01c7 E0       		.byte	-32
 477 01c8 00       		.byte	0
 478 01c9 01       		.byte	1
 479 01ca E0       		.byte	-32
 480 01cb 00       		.byte	0
 481 01cc 01       		.byte	1
 482 01cd E0       		.byte	-32
 483 01ce 00       		.byte	0
 484 01cf 01       		.byte	1
 485 01d0 E0       		.byte	-32
 486 01d1 00       		.byte	0
 487 01d2 01       		.byte	1
 488 01d3 E0       		.byte	-32
 489 01d4 00       		.byte	0
 490 01d5 01       		.byte	1
 491 01d6 E0       		.byte	-32
 492 01d7 00       		.byte	0
 493 01d8 01       		.byte	1
 494 01d9 E0       		.byte	-32
 495 01da 00       		.byte	0
 496 01db 01       		.byte	1
 497 01dc E0       		.byte	-32
 498 01dd 00       		.byte	0
 499 01de 01       		.byte	1
 500 01df E0       		.byte	-32
 501 01e0 00       		.byte	0
 502 01e1 01       		.byte	1
 503 01e2 E0       		.byte	-32
 504 01e3 00       		.byte	0
 505 01e4 01       		.byte	1
 506 01e5 E0       		.byte	-32
 507 01e6 00       		.byte	0
 508 01e7 01       		.byte	1
 509 01e8 E0       		.byte	-32
 510 01e9 00       		.byte	0
 511 01ea 01       		.byte	1
 512 01eb E0       		.byte	-32
 513 01ec 00       		.byte	0
 514 01ed 01       		.byte	1
 515 01ee E0       		.byte	-32
 516 01ef 00       		.byte	0
 517 01f0 01       		.byte	1
 518 01f1 E0       		.byte	-32
 519 01f2 00       		.byte	0
 520 01f3 01       		.byte	1
 521 01f4 E0       		.byte	-32
 522 01f5 00       		.byte	0
 523 01f6 03       		.byte	3
 524 01f7 F0       		.byte	-16
 525 01f8 00       		.byte	0
 526 01f9 3F       		.byte	63
 527 01fa FE       		.byte	-2
 528 01fb 00       		.byte	0
 529 01fc 7F       		.byte	127
 530 01fd FF       		.byte	-1
 531 01fe 80       		.byte	-128
 532 01ff 11       		.byte	17
 533 0200 1D       		.byte	29
 534 0201 57       		.byte	87
 535 0202 16       		.byte	22
 536 0203 02       		.byte	2
 537 0204 00       		.byte	0
 538 0205 01       		.byte	1
 539 0206 F8       		.byte	-8
 540 0207 00       		.byte	0
 541 0208 07       		.byte	7
 542 0209 FE       		.byte	-2
 543 020a 00       		.byte	0
 544 020b 1C       		.byte	28
 545 020c 1F       		.byte	31
 546 020d 00       		.byte	0
 547 020e 38       		.byte	56
 548 020f 0F       		.byte	15
 549 0210 00       		.byte	0
 550 0211 78       		.byte	120
 551 0212 0F       		.byte	15
 552 0213 80       		.byte	-128
 553 0214 70       		.byte	112
 554 0215 07       		.byte	7
 555 0216 80       		.byte	-128
 556 0217 F0       		.byte	-16
 557 0218 07       		.byte	7
 558 0219 80       		.byte	-128
 559 021a E0       		.byte	-32
 560 021b 07       		.byte	7
 561 021c 80       		.byte	-128
 562 021d 00       		.byte	0
 563 021e 07       		.byte	7
 564 021f 80       		.byte	-128
 565 0220 00       		.byte	0
 566 0221 07       		.byte	7
 567 0222 80       		.byte	-128
 568 0223 00       		.byte	0
 569 0224 0F       		.byte	15
 570 0225 00       		.byte	0
 571 0226 00       		.byte	0
 572 0227 0F       		.byte	15
 573 0228 00       		.byte	0
 574 0229 00       		.byte	0
 575 022a 1E       		.byte	30
 576 022b 00       		.byte	0
 577 022c 00       		.byte	0
 578 022d 1E       		.byte	30
 579 022e 00       		.byte	0
 580 022f 00       		.byte	0
 581 0230 3C       		.byte	60
 582 0231 00       		.byte	0
 583 0232 00       		.byte	0
 584 0233 78       		.byte	120
 585 0234 00       		.byte	0
 586 0235 00       		.byte	0
 587 0236 F0       		.byte	-16
 588 0237 00       		.byte	0
 589 0238 00       		.byte	0
 590 0239 F0       		.byte	-16
 591 023a 00       		.byte	0
 592 023b 01       		.byte	1
 593 023c E0       		.byte	-32
 594 023d 00       		.byte	0
 595 023e 03       		.byte	3
 596 023f C0       		.byte	-64
 597 0240 00       		.byte	0
 598 0241 07       		.byte	7
 599 0242 80       		.byte	-128
 600 0243 00       		.byte	0
 601 0244 0F       		.byte	15
 602 0245 00       		.byte	0
 603 0246 00       		.byte	0
 604 0247 0F       		.byte	15
 605 0248 00       		.byte	0
 606 0249 00       		.byte	0
 607 024a 1E       		.byte	30
 608 024b 00       		.byte	0
 609 024c 80       		.byte	-128
 610 024d 3C       		.byte	60
 611 024e 00       		.byte	0
 612 024f 80       		.byte	-128
 613 0250 78       		.byte	120
 614 0251 00       		.byte	0
 615 0252 80       		.byte	-128
 616 0253 F0       		.byte	-16
 617 0254 01       		.byte	1
 618 0255 80       		.byte	-128
 619 0256 FF       		.byte	-1
 620 0257 FF       		.byte	-1
 621 0258 80       		.byte	-128
 622 0259 FF       		.byte	-1
 623 025a FF       		.byte	-1
 624 025b 80       		.byte	-128
 625 025c 12       		.byte	18
 626 025d 1D       		.byte	29
 627 025e 57       		.byte	87
 628 025f 16       		.byte	22
 629 0260 01       		.byte	1
 630 0261 00       		.byte	0
 631 0262 01       		.byte	1
 632 0263 F8       		.byte	-8
 633 0264 00       		.byte	0
 634 0265 07       		.byte	7
 635 0266 FE       		.byte	-2
 636 0267 00       		.byte	0
 637 0268 1E       		.byte	30
 638 0269 1F       		.byte	31
 639 026a 00       		.byte	0
 640 026b 3C       		.byte	60
 641 026c 0F       		.byte	15
 642 026d 00       		.byte	0
 643 026e 38       		.byte	56
 644 026f 07       		.byte	7
 645 0270 80       		.byte	-128
 646 0271 78       		.byte	120
 647 0272 07       		.byte	7
 648 0273 80       		.byte	-128
 649 0274 70       		.byte	112
 650 0275 07       		.byte	7
 651 0276 80       		.byte	-128
 652 0277 00       		.byte	0
 653 0278 07       		.byte	7
 654 0279 80       		.byte	-128
 655 027a 00       		.byte	0
 656 027b 07       		.byte	7
 657 027c 00       		.byte	0
 658 027d 00       		.byte	0
 659 027e 0F       		.byte	15
 660 027f 00       		.byte	0
 661 0280 00       		.byte	0
 662 0281 1E       		.byte	30
 663 0282 00       		.byte	0
 664 0283 00       		.byte	0
 665 0284 3C       		.byte	60
 666 0285 00       		.byte	0
 667 0286 00       		.byte	0
 668 0287 F8       		.byte	-8
 669 0288 00       		.byte	0
 670 0289 03       		.byte	3
 671 028a FE       		.byte	-2
 672 028b 00       		.byte	0
 673 028c 00       		.byte	0
 674 028d 3F       		.byte	63
 675 028e 00       		.byte	0
 676 028f 00       		.byte	0
 677 0290 0F       		.byte	15
 678 0291 80       		.byte	-128
 679 0292 00       		.byte	0
 680 0293 07       		.byte	7
 681 0294 80       		.byte	-128
 682 0295 00       		.byte	0
 683 0296 03       		.byte	3
 684 0297 C0       		.byte	-64
 685 0298 00       		.byte	0
 686 0299 03       		.byte	3
 687 029a C0       		.byte	-64
 688 029b 00       		.byte	0
 689 029c 03       		.byte	3
 690 029d C0       		.byte	-64
 691 029e 00       		.byte	0
 692 029f 03       		.byte	3
 693 02a0 C0       		.byte	-64
 694 02a1 00       		.byte	0
 695 02a2 03       		.byte	3
 696 02a3 C0       		.byte	-64
 697 02a4 00       		.byte	0
 698 02a5 03       		.byte	3
 699 02a6 C0       		.byte	-64
 700 02a7 00       		.byte	0
 701 02a8 07       		.byte	7
 702 02a9 80       		.byte	-128
 703 02aa 80       		.byte	-128
 704 02ab 07       		.byte	7
 705 02ac 80       		.byte	-128
 706 02ad E0       		.byte	-32
 707 02ae 0F       		.byte	15
 708 02af 00       		.byte	0
 709 02b0 78       		.byte	120
 710 02b1 3E       		.byte	62
 711 02b2 00       		.byte	0
 712 02b3 3F       		.byte	63
 713 02b4 FC       		.byte	-4
 714 02b5 00       		.byte	0
 715 02b6 07       		.byte	7
 716 02b7 E0       		.byte	-32
 717 02b8 00       		.byte	0
 718 02b9 13       		.byte	19
 719 02ba 1D       		.byte	29
 720 02bb 57       		.byte	87
 721 02bc 17       		.byte	23
 722 02bd 01       		.byte	1
 723 02be 00       		.byte	0
 724 02bf 00       		.byte	0
 725 02c0 03       		.byte	3
 726 02c1 00       		.byte	0
 727 02c2 00       		.byte	0
 728 02c3 0F       		.byte	15
 729 02c4 00       		.byte	0
 730 02c5 00       		.byte	0
 731 02c6 1F       		.byte	31
 732 02c7 00       		.byte	0
 733 02c8 00       		.byte	0
 734 02c9 3F       		.byte	63
 735 02ca 00       		.byte	0
 736 02cb 00       		.byte	0
 737 02cc 7F       		.byte	127
 738 02cd 00       		.byte	0
 739 02ce 00       		.byte	0
 740 02cf 7F       		.byte	127
 741 02d0 00       		.byte	0
 742 02d1 00       		.byte	0
 743 02d2 EF       		.byte	-17
 744 02d3 00       		.byte	0
 745 02d4 00       		.byte	0
 746 02d5 CF       		.byte	-49
 747 02d6 00       		.byte	0
 748 02d7 01       		.byte	1
 749 02d8 CF       		.byte	-49
 750 02d9 00       		.byte	0
 751 02da 03       		.byte	3
 752 02db 8F       		.byte	-113
 753 02dc 00       		.byte	0
 754 02dd 03       		.byte	3
 755 02de 8F       		.byte	-113
 756 02df 00       		.byte	0
 757 02e0 07       		.byte	7
 758 02e1 0F       		.byte	15
 759 02e2 00       		.byte	0
 760 02e3 0E       		.byte	14
 761 02e4 0F       		.byte	15
 762 02e5 00       		.byte	0
 763 02e6 0E       		.byte	14
 764 02e7 0F       		.byte	15
 765 02e8 00       		.byte	0
 766 02e9 1C       		.byte	28
 767 02ea 0F       		.byte	15
 768 02eb 00       		.byte	0
 769 02ec 18       		.byte	24
 770 02ed 0F       		.byte	15
 771 02ee 00       		.byte	0
 772 02ef 38       		.byte	56
 773 02f0 0F       		.byte	15
 774 02f1 00       		.byte	0
 775 02f2 70       		.byte	112
 776 02f3 0F       		.byte	15
 777 02f4 00       		.byte	0
 778 02f5 70       		.byte	112
 779 02f6 0F       		.byte	15
 780 02f7 00       		.byte	0
 781 02f8 FF       		.byte	-1
 782 02f9 FF       		.byte	-1
 783 02fa E0       		.byte	-32
 784 02fb FF       		.byte	-1
 785 02fc FF       		.byte	-1
 786 02fd C0       		.byte	-64
 787 02fe 00       		.byte	0
 788 02ff 0F       		.byte	15
 789 0300 00       		.byte	0
 790 0301 00       		.byte	0
 791 0302 0F       		.byte	15
 792 0303 00       		.byte	0
 793 0304 00       		.byte	0
 794 0305 0F       		.byte	15
 795 0306 00       		.byte	0
 796 0307 00       		.byte	0
 797 0308 0F       		.byte	15
 798 0309 00       		.byte	0
 799 030a 00       		.byte	0
 800 030b 0F       		.byte	15
 801 030c 00       		.byte	0
 802 030d 00       		.byte	0
 803 030e 0F       		.byte	15
 804 030f 00       		.byte	0
 805 0310 00       		.byte	0
 806 0311 3F       		.byte	63
 807 0312 80       		.byte	-128
 808 0313 01       		.byte	1
 809 0314 FF       		.byte	-1
 810 0315 E0       		.byte	-32
 811 0316 12       		.byte	18
 812 0317 1D       		.byte	29
 813 0318 57       		.byte	87
 814 0319 17       		.byte	23
 815 031a 02       		.byte	2
 816 031b 00       		.byte	0
 817 031c 00       		.byte	0
 818 031d 00       		.byte	0
 819 031e 80       		.byte	-128
 820 031f 00       		.byte	0
 821 0320 01       		.byte	1
 822 0321 80       		.byte	-128
 823 0322 1F       		.byte	31
 824 0323 FF       		.byte	-1
 825 0324 00       		.byte	0
 826 0325 1F       		.byte	31
 827 0326 FE       		.byte	-2
 828 0327 00       		.byte	0
 829 0328 18       		.byte	24
 830 0329 00       		.byte	0
 831 032a 00       		.byte	0
 832 032b 18       		.byte	24
 833 032c 00       		.byte	0
 834 032d 00       		.byte	0
 835 032e 18       		.byte	24
 836 032f 00       		.byte	0
 837 0330 00       		.byte	0
 838 0331 18       		.byte	24
 839 0332 00       		.byte	0
 840 0333 00       		.byte	0
 841 0334 38       		.byte	56
 842 0335 00       		.byte	0
 843 0336 00       		.byte	0
 844 0337 38       		.byte	56
 845 0338 00       		.byte	0
 846 0339 00       		.byte	0
 847 033a 38       		.byte	56
 848 033b 00       		.byte	0
 849 033c 00       		.byte	0
 850 033d 3F       		.byte	63
 851 033e F0       		.byte	-16
 852 033f 00       		.byte	0
 853 0340 3F       		.byte	63
 854 0341 FC       		.byte	-4
 855 0342 00       		.byte	0
 856 0343 78       		.byte	120
 857 0344 3F       		.byte	63
 858 0345 00       		.byte	0
 859 0346 20       		.byte	32
 860 0347 0F       		.byte	15
 861 0348 00       		.byte	0
 862 0349 00       		.byte	0
 863 034a 07       		.byte	7
 864 034b 80       		.byte	-128
 865 034c 00       		.byte	0
 866 034d 07       		.byte	7
 867 034e C0       		.byte	-64
 868 034f 00       		.byte	0
 869 0350 03       		.byte	3
 870 0351 C0       		.byte	-64
 871 0352 00       		.byte	0
 872 0353 03       		.byte	3
 873 0354 C0       		.byte	-64
 874 0355 00       		.byte	0
 875 0356 03       		.byte	3
 876 0357 C0       		.byte	-64
 877 0358 00       		.byte	0
 878 0359 03       		.byte	3
 879 035a C0       		.byte	-64
 880 035b 00       		.byte	0
 881 035c 03       		.byte	3
 882 035d C0       		.byte	-64
 883 035e 00       		.byte	0
 884 035f 03       		.byte	3
 885 0360 80       		.byte	-128
 886 0361 00       		.byte	0
 887 0362 07       		.byte	7
 888 0363 80       		.byte	-128
 889 0364 80       		.byte	-128
 890 0365 07       		.byte	7
 891 0366 80       		.byte	-128
 892 0367 E0       		.byte	-32
 893 0368 0F       		.byte	15
 894 0369 00       		.byte	0
 895 036a 78       		.byte	120
 896 036b 3E       		.byte	62
 897 036c 00       		.byte	0
 898 036d 3F       		.byte	63
 899 036e FC       		.byte	-4
 900 036f 00       		.byte	0
 901 0370 07       		.byte	7
 902 0371 F0       		.byte	-16
 903 0372 00       		.byte	0
 904 0373 12       		.byte	18
 905 0374 1D       		.byte	29
 906 0375 57       		.byte	87
 907 0376 17       		.byte	23
 908 0377 03       		.byte	3
 909 0378 00       		.byte	0
 910 0379 00       		.byte	0
 911 037a 07       		.byte	7
 912 037b 00       		.byte	0
 913 037c 00       		.byte	0
 914 037d 3F       		.byte	63
 915 037e 00       		.byte	0
 916 037f 00       		.byte	0
 917 0380 F8       		.byte	-8
 918 0381 00       		.byte	0
 919 0382 01       		.byte	1
 920 0383 E0       		.byte	-32
 921 0384 00       		.byte	0
 922 0385 03       		.byte	3
 923 0386 C0       		.byte	-64
 924 0387 00       		.byte	0
 925 0388 0F       		.byte	15
 926 0389 00       		.byte	0
 927 038a 00       		.byte	0
 928 038b 0E       		.byte	14
 929 038c 00       		.byte	0
 930 038d 00       		.byte	0
 931 038e 1E       		.byte	30
 932 038f 00       		.byte	0
 933 0390 00       		.byte	0
 934 0391 3C       		.byte	60
 935 0392 00       		.byte	0
 936 0393 00       		.byte	0
 937 0394 38       		.byte	56
 938 0395 00       		.byte	0
 939 0396 00       		.byte	0
 940 0397 78       		.byte	120
 941 0398 00       		.byte	0
 942 0399 00       		.byte	0
 943 039a 78       		.byte	120
 944 039b F8       		.byte	-8
 945 039c 00       		.byte	0
 946 039d 77       		.byte	119
 947 039e FE       		.byte	-2
 948 039f 00       		.byte	0
 949 03a0 FE       		.byte	-2
 950 03a1 1F       		.byte	31
 951 03a2 00       		.byte	0
 952 03a3 F8       		.byte	-8
 953 03a4 0F       		.byte	15
 954 03a5 80       		.byte	-128
 955 03a6 F0       		.byte	-16
 956 03a7 07       		.byte	7
 957 03a8 80       		.byte	-128
 958 03a9 F0       		.byte	-16
 959 03aa 07       		.byte	7
 960 03ab C0       		.byte	-64
 961 03ac F0       		.byte	-16
 962 03ad 03       		.byte	3
 963 03ae C0       		.byte	-64
 964 03af F0       		.byte	-16
 965 03b0 03       		.byte	3
 966 03b1 C0       		.byte	-64
 967 03b2 F0       		.byte	-16
 968 03b3 03       		.byte	3
 969 03b4 C0       		.byte	-64
 970 03b5 F0       		.byte	-16
 971 03b6 03       		.byte	3
 972 03b7 C0       		.byte	-64
 973 03b8 F8       		.byte	-8
 974 03b9 03       		.byte	3
 975 03ba C0       		.byte	-64
 976 03bb 78       		.byte	120
 977 03bc 03       		.byte	3
 978 03bd 80       		.byte	-128
 979 03be 78       		.byte	120
 980 03bf 03       		.byte	3
 981 03c0 80       		.byte	-128
 982 03c1 3C       		.byte	60
 983 03c2 07       		.byte	7
 984 03c3 80       		.byte	-128
 985 03c4 3C       		.byte	60
 986 03c5 07       		.byte	7
 987 03c6 00       		.byte	0
 988 03c7 1F       		.byte	31
 989 03c8 0E       		.byte	14
 990 03c9 00       		.byte	0
 991 03ca 0F       		.byte	15
 992 03cb FC       		.byte	-4
 993 03cc 00       		.byte	0
 994 03cd 03       		.byte	3
 995 03ce F0       		.byte	-16
 996 03cf 00       		.byte	0
 997 03d0 13       		.byte	19
 998 03d1 1B       		.byte	27
 999 03d2 51       		.byte	81
 1000 03d3 17       		.byte	23
 1001 03d4 02       		.byte	2
 1002 03d5 00       		.byte	0
 1003 03d6 7F       		.byte	127
 1004 03d7 FF       		.byte	-1
 1005 03d8 C0       		.byte	-64
 1006 03d9 7F       		.byte	127
 1007 03da FF       		.byte	-1
 1008 03db E0       		.byte	-32
 1009 03dc 60       		.byte	96
 1010 03dd 01       		.byte	1
 1011 03de C0       		.byte	-64
 1012 03df 40       		.byte	64
 1013 03e0 03       		.byte	3
 1014 03e1 C0       		.byte	-64
 1015 03e2 C0       		.byte	-64
 1016 03e3 03       		.byte	3
 1017 03e4 80       		.byte	-128
 1018 03e5 00       		.byte	0
 1019 03e6 03       		.byte	3
 1020 03e7 80       		.byte	-128
 1021 03e8 00       		.byte	0
 1022 03e9 07       		.byte	7
 1023 03ea 00       		.byte	0
 1024 03eb 00       		.byte	0
 1025 03ec 07       		.byte	7
 1026 03ed 00       		.byte	0
 1027 03ee 00       		.byte	0
 1028 03ef 0E       		.byte	14
 1029 03f0 00       		.byte	0
 1030 03f1 00       		.byte	0
 1031 03f2 0E       		.byte	14
 1032 03f3 00       		.byte	0
 1033 03f4 00       		.byte	0
 1034 03f5 1C       		.byte	28
 1035 03f6 00       		.byte	0
 1036 03f7 00       		.byte	0
 1037 03f8 1C       		.byte	28
 1038 03f9 00       		.byte	0
 1039 03fa 00       		.byte	0
 1040 03fb 38       		.byte	56
 1041 03fc 00       		.byte	0
 1042 03fd 00       		.byte	0
 1043 03fe 38       		.byte	56
 1044 03ff 00       		.byte	0
 1045 0400 00       		.byte	0
 1046 0401 38       		.byte	56
 1047 0402 00       		.byte	0
 1048 0403 00       		.byte	0
 1049 0404 70       		.byte	112
 1050 0405 00       		.byte	0
 1051 0406 00       		.byte	0
 1052 0407 70       		.byte	112
 1053 0408 00       		.byte	0
 1054 0409 00       		.byte	0
 1055 040a E0       		.byte	-32
 1056 040b 00       		.byte	0
 1057 040c 00       		.byte	0
 1058 040d E0       		.byte	-32
 1059 040e 00       		.byte	0
 1060 040f 01       		.byte	1
 1061 0410 C0       		.byte	-64
 1062 0411 00       		.byte	0
 1063 0412 01       		.byte	1
 1064 0413 C0       		.byte	-64
 1065 0414 00       		.byte	0
 1066 0415 03       		.byte	3
 1067 0416 C0       		.byte	-64
 1068 0417 00       		.byte	0
 1069 0418 07       		.byte	7
 1070 0419 80       		.byte	-128
 1071 041a 00       		.byte	0
 1072 041b 07       		.byte	7
 1073 041c 80       		.byte	-128
 1074 041d 00       		.byte	0
 1075 041e 0F       		.byte	15
 1076 041f 00       		.byte	0
 1077 0420 00       		.byte	0
 1078 0421 0F       		.byte	15
 1079 0422 00       		.byte	0
 1080 0423 00       		.byte	0
 1081 0424 1C       		.byte	28
 1082 0425 00       		.byte	0
 1083 0426 00       		.byte	0
 1084 0427 12       		.byte	18
 1085 0428 1D       		.byte	29
 1086 0429 57       		.byte	87
 1087 042a 16       		.byte	22
 1088 042b 02       		.byte	2
 1089 042c 00       		.byte	0
 1090 042d 03       		.byte	3
 1091 042e F8       		.byte	-8
 1092 042f 00       		.byte	0
 1093 0430 0F       		.byte	15
 1094 0431 FE       		.byte	-2
 1095 0432 00       		.byte	0
 1096 0433 1C       		.byte	28
 1097 0434 1F       		.byte	31
 1098 0435 00       		.byte	0
 1099 0436 38       		.byte	56
 1100 0437 0F       		.byte	15
 1101 0438 00       		.byte	0
 1102 0439 30       		.byte	48
 1103 043a 07       		.byte	7
 1104 043b 80       		.byte	-128
 1105 043c 70       		.byte	112
 1106 043d 07       		.byte	7
 1107 043e 80       		.byte	-128
 1108 043f 70       		.byte	112
 1109 0440 07       		.byte	7
 1110 0441 80       		.byte	-128
 1111 0442 70       		.byte	112
 1112 0443 07       		.byte	7
 1113 0444 80       		.byte	-128
 1114 0445 70       		.byte	112
 1115 0446 07       		.byte	7
 1116 0447 00       		.byte	0
 1117 0448 78       		.byte	120
 1118 0449 0F       		.byte	15
 1119 044a 00       		.byte	0
 1120 044b 3E       		.byte	62
 1121 044c 1E       		.byte	30
 1122 044d 00       		.byte	0
 1123 044e 1F       		.byte	31
 1124 044f BC       		.byte	-68
 1125 0450 00       		.byte	0
 1126 0451 0F       		.byte	15
 1127 0452 F0       		.byte	-16
 1128 0453 00       		.byte	0
 1129 0454 03       		.byte	3
 1130 0455 FC       		.byte	-4
 1131 0456 00       		.byte	0
 1132 0457 07       		.byte	7
 1133 0458 FE       		.byte	-2
 1134 0459 00       		.byte	0
 1135 045a 1E       		.byte	30
 1136 045b 3F       		.byte	63
 1137 045c 00       		.byte	0
 1138 045d 3C       		.byte	60
 1139 045e 0F       		.byte	15
 1140 045f 80       		.byte	-128
 1141 0460 78       		.byte	120
 1142 0461 07       		.byte	7
 1143 0462 C0       		.byte	-64
 1144 0463 70       		.byte	112
 1145 0464 07       		.byte	7
 1146 0465 C0       		.byte	-64
 1147 0466 F0       		.byte	-16
 1148 0467 03       		.byte	3
 1149 0468 C0       		.byte	-64
 1150 0469 F0       		.byte	-16
 1151 046a 03       		.byte	3
 1152 046b C0       		.byte	-64
 1153 046c F0       		.byte	-16
 1154 046d 03       		.byte	3
 1155 046e C0       		.byte	-64
 1156 046f F0       		.byte	-16
 1157 0470 03       		.byte	3
 1158 0471 C0       		.byte	-64
 1159 0472 F0       		.byte	-16
 1160 0473 03       		.byte	3
 1161 0474 80       		.byte	-128
 1162 0475 78       		.byte	120
 1163 0476 07       		.byte	7
 1164 0477 80       		.byte	-128
 1165 0478 7C       		.byte	124
 1166 0479 07       		.byte	7
 1167 047a 00       		.byte	0
 1168 047b 3E       		.byte	62
 1169 047c 0E       		.byte	14
 1170 047d 00       		.byte	0
 1171 047e 1F       		.byte	31
 1172 047f FC       		.byte	-4
 1173 0480 00       		.byte	0
 1174 0481 07       		.byte	7
 1175 0482 E0       		.byte	-32
 1176 0483 00       		.byte	0
 1177 0484 13       		.byte	19
 1178 0485 1E       		.byte	30
 1179 0486 5A       		.byte	90
 1180 0487 17       		.byte	23
 1181 0488 02       		.byte	2
 1182 0489 FF       		.byte	-1
 1183 048a 01       		.byte	1
 1184 048b F8       		.byte	-8
 1185 048c 00       		.byte	0
 1186 048d 07       		.byte	7
 1187 048e FE       		.byte	-2
 1188 048f 00       		.byte	0
 1189 0490 0E       		.byte	14
 1190 0491 1F       		.byte	31
 1191 0492 00       		.byte	0
 1192 0493 1C       		.byte	28
 1193 0494 0F       		.byte	15
 1194 0495 80       		.byte	-128
 1195 0496 38       		.byte	56
 1196 0497 07       		.byte	7
 1197 0498 80       		.byte	-128
 1198 0499 78       		.byte	120
 1199 049a 03       		.byte	3
 1200 049b C0       		.byte	-64
 1201 049c 70       		.byte	112
 1202 049d 03       		.byte	3
 1203 049e C0       		.byte	-64
 1204 049f F0       		.byte	-16
 1205 04a0 03       		.byte	3
 1206 04a1 E0       		.byte	-32
 1207 04a2 F0       		.byte	-16
 1208 04a3 01       		.byte	1
 1209 04a4 E0       		.byte	-32
 1210 04a5 F0       		.byte	-16
 1211 04a6 01       		.byte	1
 1212 04a7 E0       		.byte	-32
 1213 04a8 F0       		.byte	-16
 1214 04a9 01       		.byte	1
 1215 04aa E0       		.byte	-32
 1216 04ab F0       		.byte	-16
 1217 04ac 01       		.byte	1
 1218 04ad E0       		.byte	-32
 1219 04ae F8       		.byte	-8
 1220 04af 01       		.byte	1
 1221 04b0 E0       		.byte	-32
 1222 04b1 78       		.byte	120
 1223 04b2 03       		.byte	3
 1224 04b3 E0       		.byte	-32
 1225 04b4 7C       		.byte	124
 1226 04b5 07       		.byte	7
 1227 04b6 E0       		.byte	-32
 1228 04b7 3E       		.byte	62
 1229 04b8 0D       		.byte	13
 1230 04b9 E0       		.byte	-32
 1231 04ba 1F       		.byte	31
 1232 04bb F9       		.byte	-7
 1233 04bc E0       		.byte	-32
 1234 04bd 07       		.byte	7
 1235 04be E1       		.byte	-31
 1236 04bf C0       		.byte	-64
 1237 04c0 00       		.byte	0
 1238 04c1 03       		.byte	3
 1239 04c2 C0       		.byte	-64
 1240 04c3 00       		.byte	0
 1241 04c4 03       		.byte	3
 1242 04c5 C0       		.byte	-64
 1243 04c6 00       		.byte	0
 1244 04c7 07       		.byte	7
 1245 04c8 80       		.byte	-128
 1246 04c9 00       		.byte	0
 1247 04ca 07       		.byte	7
 1248 04cb 80       		.byte	-128
 1249 04cc 00       		.byte	0
 1250 04cd 0F       		.byte	15
 1251 04ce 00       		.byte	0
 1252 04cf 00       		.byte	0
 1253 04d0 1E       		.byte	30
 1254 04d1 00       		.byte	0
 1255 04d2 00       		.byte	0
 1256 04d3 3C       		.byte	60
 1257 04d4 00       		.byte	0
 1258 04d5 00       		.byte	0
 1259 04d6 78       		.byte	120
 1260 04d7 00       		.byte	0
 1261 04d8 00       		.byte	0
 1262 04d9 F0       		.byte	-16
 1263 04da 00       		.byte	0
 1264 04db 03       		.byte	3
 1265 04dc E0       		.byte	-32
 1266 04dd 00       		.byte	0
 1267 04de 1F       		.byte	31
 1268 04df 80       		.byte	-128
 1269 04e0 00       		.byte	0
 1270 04e1 38       		.byte	56
 1271 04e2 00       		.byte	0
 1272 04e3 00       		.byte	0
 1273 04e4 06       		.byte	6
 1274 04e5 17       		.byte	23
 1275 04e6 17       		.byte	23
 1276 04e7 0B       		.byte	11
 1277 04e8 03       		.byte	3
 1278 04e9 FF       		.byte	-1
 1279 04ea 38       		.byte	56
 1280 04eb 7C       		.byte	124
 1281 04ec FC       		.byte	-4
 1282 04ed FC       		.byte	-4
 1283 04ee F8       		.byte	-8
 1284 04ef 70       		.byte	112
 1285 04f0 00       		.byte	0
 1286 04f1 00       		.byte	0
 1287 04f2 00       		.byte	0
 1288 04f3 00       		.byte	0
 1289 04f4 00       		.byte	0
 1290 04f5 00       		.byte	0
 1291 04f6 00       		.byte	0
 1292 04f7 00       		.byte	0
 1293 04f8 00       		.byte	0
 1294 04f9 00       		.byte	0
 1295 04fa 00       		.byte	0
 1296 04fb 38       		.byte	56
 1297 04fc 7C       		.byte	124
 1298 04fd FC       		.byte	-4
 1299 04fe FC       		.byte	-4
 1300 04ff F8       		.byte	-8
 1301 0500 70       		.byte	112
 1302              		.text
 1303              	.Letext0:
 1304              		.file 1 "c:\\program files (x86)\\gnu tools arm embedded\\7 2017-q4-major\\arm-none-eabi\\include\
 1305              		.file 2 "c:\\program files (x86)\\gnu tools arm embedded\\7 2017-q4-major\\arm-none-eabi\\include\
 1306              		.file 3 "u8g/u8g.h"
 1307              		.file 4 "u8g/u8g_font_gdr30n.c"
DEFINED SYMBOLS
                            *ABS*:00000000 u8g_font_gdr30n.c
C:\Users\BOBAFW~1\AppData\Local\Temp\ccdf2CeG.s:20     .rodata.u8g_font_gdr30n:00000000 u8g_font_gdr30n
C:\Users\BOBAFW~1\AppData\Local\Temp\ccdf2CeG.s:17     .rodata.u8g_font_gdr30n:00000000 $d

NO UNDEFINED SYMBOLS
