   1              		.cpu cortex-m3
   2              		.eabi_attribute 20, 1
   3              		.eabi_attribute 21, 1
   4              		.eabi_attribute 23, 3
   5              		.eabi_attribute 24, 1
   6              		.eabi_attribute 25, 1
   7              		.eabi_attribute 26, 1
   8              		.eabi_attribute 30, 2
   9              		.eabi_attribute 34, 1
  10              		.eabi_attribute 18, 4
  11              		.file	"u8g_font_6x10r.c"
  12              		.text
  13              	.Ltext0:
  14              		.cfi_sections	.debug_frame
  15              		.global	u8g_font_6x10r
  16              		.section	.rodata.u8g_font_6x10r,"a",%progbits
  17              		.align	2
  20              	u8g_font_6x10r:
  21 0000 01       		.byte	1
  22 0001 06       		.byte	6
  23 0002 0A       		.byte	10
  24 0003 00       		.byte	0
  25 0004 FE       		.byte	-2
  26 0005 07       		.byte	7
  27 0006 01       		.byte	1
  28 0007 36       		.byte	54
  29 0008 02       		.byte	2
  30 0009 68       		.byte	104
  31 000a 20       		.byte	32
  32 000b 7F       		.byte	127
  33 000c FE       		.byte	-2
  34 000d 08       		.byte	8
  35 000e FE       		.byte	-2
  36 000f 07       		.byte	7
  37 0010 FE       		.byte	-2
  38 0011 0A       		.byte	10
  39 0012 00       		.byte	0
  40 0013 60       		.byte	96
  41 0014 22       		.byte	34
  42 0015 17       		.byte	23
  43 0016 67       		.byte	103
  44 0017 80       		.byte	-128
  45 0018 80       		.byte	-128
  46 0019 80       		.byte	-128
  47 001a 80       		.byte	-128
  48 001b 80       		.byte	-128
  49 001c 00       		.byte	0
  50 001d 80       		.byte	-128
  51 001e 16       		.byte	22
  52 001f 33       		.byte	51
  53 0020 63       		.byte	99
  54 0021 A0       		.byte	-96
  55 0022 A0       		.byte	-96
  56 0023 A0       		.byte	-96
  57 0024 02       		.byte	2
  58 0025 57       		.byte	87
  59 0026 67       		.byte	103
  60 0027 50       		.byte	80
  61 0028 50       		.byte	80
  62 0029 F8       		.byte	-8
  63 002a 50       		.byte	80
  64 002b F8       		.byte	-8
  65 002c 50       		.byte	80
  66 002d 50       		.byte	80
  67 002e 02       		.byte	2
  68 002f 57       		.byte	87
  69 0030 67       		.byte	103
  70 0031 20       		.byte	32
  71 0032 70       		.byte	112
  72 0033 A0       		.byte	-96
  73 0034 70       		.byte	112
  74 0035 28       		.byte	40
  75 0036 70       		.byte	112
  76 0037 20       		.byte	32
  77 0038 02       		.byte	2
  78 0039 57       		.byte	87
  79 003a 67       		.byte	103
  80 003b 48       		.byte	72
  81 003c A8       		.byte	-88
  82 003d 50       		.byte	80
  83 003e 20       		.byte	32
  84 003f 50       		.byte	80
  85 0040 A8       		.byte	-88
  86 0041 90       		.byte	-112
  87 0042 02       		.byte	2
  88 0043 57       		.byte	87
  89 0044 67       		.byte	103
  90 0045 40       		.byte	64
  91 0046 A0       		.byte	-96
  92 0047 A0       		.byte	-96
  93 0048 40       		.byte	64
  94 0049 A8       		.byte	-88
  95 004a 90       		.byte	-112
  96 004b 68       		.byte	104
  97 004c 26       		.byte	38
  98 004d 13       		.byte	19
  99 004e 63       		.byte	99
 100 004f 80       		.byte	-128
 101 0050 80       		.byte	-128
 102 0051 80       		.byte	-128
 103 0052 12       		.byte	18
 104 0053 37       		.byte	55
 105 0054 67       		.byte	103
 106 0055 20       		.byte	32
 107 0056 40       		.byte	64
 108 0057 80       		.byte	-128
 109 0058 80       		.byte	-128
 110 0059 80       		.byte	-128
 111 005a 40       		.byte	64
 112 005b 20       		.byte	32
 113 005c 12       		.byte	18
 114 005d 37       		.byte	55
 115 005e 67       		.byte	103
 116 005f 80       		.byte	-128
 117 0060 40       		.byte	64
 118 0061 20       		.byte	32
 119 0062 20       		.byte	32
 120 0063 20       		.byte	32
 121 0064 40       		.byte	64
 122 0065 80       		.byte	-128
 123 0066 03       		.byte	3
 124 0067 55       		.byte	85
 125 0068 65       		.byte	101
 126 0069 88       		.byte	-120
 127 006a 50       		.byte	80
 128 006b F8       		.byte	-8
 129 006c 50       		.byte	80
 130 006d 88       		.byte	-120
 131 006e 03       		.byte	3
 132 006f 55       		.byte	85
 133 0070 65       		.byte	101
 134 0071 20       		.byte	32
 135 0072 20       		.byte	32
 136 0073 F8       		.byte	-8
 137 0074 20       		.byte	32
 138 0075 20       		.byte	32
 139 0076 11       		.byte	17
 140 0077 33       		.byte	51
 141 0078 63       		.byte	99
 142 0079 60       		.byte	96
 143 007a 40       		.byte	64
 144 007b 80       		.byte	-128
 145 007c 05       		.byte	5
 146 007d 51       		.byte	81
 147 007e 61       		.byte	97
 148 007f F8       		.byte	-8
 149 0080 11       		.byte	17
 150 0081 33       		.byte	51
 151 0082 63       		.byte	99
 152 0083 40       		.byte	64
 153 0084 E0       		.byte	-32
 154 0085 40       		.byte	64
 155 0086 02       		.byte	2
 156 0087 57       		.byte	87
 157 0088 67       		.byte	103
 158 0089 08       		.byte	8
 159 008a 08       		.byte	8
 160 008b 10       		.byte	16
 161 008c 20       		.byte	32
 162 008d 40       		.byte	64
 163 008e 80       		.byte	-128
 164 008f 80       		.byte	-128
 165 0090 02       		.byte	2
 166 0091 57       		.byte	87
 167 0092 67       		.byte	103
 168 0093 20       		.byte	32
 169 0094 50       		.byte	80
 170 0095 88       		.byte	-120
 171 0096 88       		.byte	-120
 172 0097 88       		.byte	-120
 173 0098 50       		.byte	80
 174 0099 20       		.byte	32
 175 009a 02       		.byte	2
 176 009b 57       		.byte	87
 177 009c 67       		.byte	103
 178 009d 20       		.byte	32
 179 009e 60       		.byte	96
 180 009f A0       		.byte	-96
 181 00a0 20       		.byte	32
 182 00a1 20       		.byte	32
 183 00a2 20       		.byte	32
 184 00a3 F8       		.byte	-8
 185 00a4 02       		.byte	2
 186 00a5 57       		.byte	87
 187 00a6 67       		.byte	103
 188 00a7 70       		.byte	112
 189 00a8 88       		.byte	-120
 190 00a9 08       		.byte	8
 191 00aa 30       		.byte	48
 192 00ab 40       		.byte	64
 193 00ac 80       		.byte	-128
 194 00ad F8       		.byte	-8
 195 00ae 02       		.byte	2
 196 00af 57       		.byte	87
 197 00b0 67       		.byte	103
 198 00b1 F8       		.byte	-8
 199 00b2 08       		.byte	8
 200 00b3 10       		.byte	16
 201 00b4 30       		.byte	48
 202 00b5 08       		.byte	8
 203 00b6 88       		.byte	-120
 204 00b7 70       		.byte	112
 205 00b8 02       		.byte	2
 206 00b9 57       		.byte	87
 207 00ba 67       		.byte	103
 208 00bb 10       		.byte	16
 209 00bc 30       		.byte	48
 210 00bd 50       		.byte	80
 211 00be 90       		.byte	-112
 212 00bf F8       		.byte	-8
 213 00c0 10       		.byte	16
 214 00c1 10       		.byte	16
 215 00c2 02       		.byte	2
 216 00c3 57       		.byte	87
 217 00c4 67       		.byte	103
 218 00c5 F8       		.byte	-8
 219 00c6 80       		.byte	-128
 220 00c7 B0       		.byte	-80
 221 00c8 C8       		.byte	-56
 222 00c9 08       		.byte	8
 223 00ca 88       		.byte	-120
 224 00cb 70       		.byte	112
 225 00cc 02       		.byte	2
 226 00cd 57       		.byte	87
 227 00ce 67       		.byte	103
 228 00cf 30       		.byte	48
 229 00d0 40       		.byte	64
 230 00d1 80       		.byte	-128
 231 00d2 B0       		.byte	-80
 232 00d3 C8       		.byte	-56
 233 00d4 88       		.byte	-120
 234 00d5 70       		.byte	112
 235 00d6 02       		.byte	2
 236 00d7 57       		.byte	87
 237 00d8 67       		.byte	103
 238 00d9 F8       		.byte	-8
 239 00da 08       		.byte	8
 240 00db 10       		.byte	16
 241 00dc 10       		.byte	16
 242 00dd 20       		.byte	32
 243 00de 40       		.byte	64
 244 00df 40       		.byte	64
 245 00e0 02       		.byte	2
 246 00e1 57       		.byte	87
 247 00e2 67       		.byte	103
 248 00e3 70       		.byte	112
 249 00e4 88       		.byte	-120
 250 00e5 88       		.byte	-120
 251 00e6 70       		.byte	112
 252 00e7 88       		.byte	-120
 253 00e8 88       		.byte	-120
 254 00e9 70       		.byte	112
 255 00ea 02       		.byte	2
 256 00eb 57       		.byte	87
 257 00ec 67       		.byte	103
 258 00ed 70       		.byte	112
 259 00ee 88       		.byte	-120
 260 00ef 98       		.byte	-104
 261 00f0 68       		.byte	104
 262 00f1 08       		.byte	8
 263 00f2 10       		.byte	16
 264 00f3 60       		.byte	96
 265 00f4 11       		.byte	17
 266 00f5 37       		.byte	55
 267 00f6 67       		.byte	103
 268 00f7 40       		.byte	64
 269 00f8 E0       		.byte	-32
 270 00f9 40       		.byte	64
 271 00fa 00       		.byte	0
 272 00fb 40       		.byte	64
 273 00fc E0       		.byte	-32
 274 00fd 40       		.byte	64
 275 00fe 11       		.byte	17
 276 00ff 37       		.byte	55
 277 0100 67       		.byte	103
 278 0101 40       		.byte	64
 279 0102 E0       		.byte	-32
 280 0103 40       		.byte	64
 281 0104 00       		.byte	0
 282 0105 60       		.byte	96
 283 0106 40       		.byte	64
 284 0107 80       		.byte	-128
 285 0108 12       		.byte	18
 286 0109 47       		.byte	71
 287 010a 67       		.byte	103
 288 010b 10       		.byte	16
 289 010c 20       		.byte	32
 290 010d 40       		.byte	64
 291 010e 80       		.byte	-128
 292 010f 40       		.byte	64
 293 0110 20       		.byte	32
 294 0111 10       		.byte	16
 295 0112 04       		.byte	4
 296 0113 53       		.byte	83
 297 0114 63       		.byte	99
 298 0115 F8       		.byte	-8
 299 0116 00       		.byte	0
 300 0117 F8       		.byte	-8
 301 0118 12       		.byte	18
 302 0119 47       		.byte	71
 303 011a 67       		.byte	103
 304 011b 80       		.byte	-128
 305 011c 40       		.byte	64
 306 011d 20       		.byte	32
 307 011e 10       		.byte	16
 308 011f 20       		.byte	32
 309 0120 40       		.byte	64
 310 0121 80       		.byte	-128
 311 0122 02       		.byte	2
 312 0123 57       		.byte	87
 313 0124 67       		.byte	103
 314 0125 70       		.byte	112
 315 0126 88       		.byte	-120
 316 0127 10       		.byte	16
 317 0128 20       		.byte	32
 318 0129 20       		.byte	32
 319 012a 00       		.byte	0
 320 012b 20       		.byte	32
 321 012c 02       		.byte	2
 322 012d 57       		.byte	87
 323 012e 67       		.byte	103
 324 012f 70       		.byte	112
 325 0130 88       		.byte	-120
 326 0131 98       		.byte	-104
 327 0132 A8       		.byte	-88
 328 0133 B0       		.byte	-80
 329 0134 80       		.byte	-128
 330 0135 70       		.byte	112
 331 0136 02       		.byte	2
 332 0137 57       		.byte	87
 333 0138 67       		.byte	103
 334 0139 20       		.byte	32
 335 013a 50       		.byte	80
 336 013b 88       		.byte	-120
 337 013c 88       		.byte	-120
 338 013d F8       		.byte	-8
 339 013e 88       		.byte	-120
 340 013f 88       		.byte	-120
 341 0140 02       		.byte	2
 342 0141 57       		.byte	87
 343 0142 67       		.byte	103
 344 0143 F0       		.byte	-16
 345 0144 48       		.byte	72
 346 0145 48       		.byte	72
 347 0146 70       		.byte	112
 348 0147 48       		.byte	72
 349 0148 48       		.byte	72
 350 0149 F0       		.byte	-16
 351 014a 02       		.byte	2
 352 014b 57       		.byte	87
 353 014c 67       		.byte	103
 354 014d 70       		.byte	112
 355 014e 88       		.byte	-120
 356 014f 80       		.byte	-128
 357 0150 80       		.byte	-128
 358 0151 80       		.byte	-128
 359 0152 88       		.byte	-120
 360 0153 70       		.byte	112
 361 0154 02       		.byte	2
 362 0155 57       		.byte	87
 363 0156 67       		.byte	103
 364 0157 F0       		.byte	-16
 365 0158 48       		.byte	72
 366 0159 48       		.byte	72
 367 015a 48       		.byte	72
 368 015b 48       		.byte	72
 369 015c 48       		.byte	72
 370 015d F0       		.byte	-16
 371 015e 02       		.byte	2
 372 015f 57       		.byte	87
 373 0160 67       		.byte	103
 374 0161 F8       		.byte	-8
 375 0162 80       		.byte	-128
 376 0163 80       		.byte	-128
 377 0164 F0       		.byte	-16
 378 0165 80       		.byte	-128
 379 0166 80       		.byte	-128
 380 0167 F8       		.byte	-8
 381 0168 02       		.byte	2
 382 0169 57       		.byte	87
 383 016a 67       		.byte	103
 384 016b F8       		.byte	-8
 385 016c 80       		.byte	-128
 386 016d 80       		.byte	-128
 387 016e F0       		.byte	-16
 388 016f 80       		.byte	-128
 389 0170 80       		.byte	-128
 390 0171 80       		.byte	-128
 391 0172 02       		.byte	2
 392 0173 57       		.byte	87
 393 0174 67       		.byte	103
 394 0175 70       		.byte	112
 395 0176 88       		.byte	-120
 396 0177 80       		.byte	-128
 397 0178 80       		.byte	-128
 398 0179 98       		.byte	-104
 399 017a 88       		.byte	-120
 400 017b 70       		.byte	112
 401 017c 02       		.byte	2
 402 017d 57       		.byte	87
 403 017e 67       		.byte	103
 404 017f 88       		.byte	-120
 405 0180 88       		.byte	-120
 406 0181 88       		.byte	-120
 407 0182 F8       		.byte	-8
 408 0183 88       		.byte	-120
 409 0184 88       		.byte	-120
 410 0185 88       		.byte	-120
 411 0186 12       		.byte	18
 412 0187 37       		.byte	55
 413 0188 67       		.byte	103
 414 0189 E0       		.byte	-32
 415 018a 40       		.byte	64
 416 018b 40       		.byte	64
 417 018c 40       		.byte	64
 418 018d 40       		.byte	64
 419 018e 40       		.byte	64
 420 018f E0       		.byte	-32
 421 0190 02       		.byte	2
 422 0191 57       		.byte	87
 423 0192 67       		.byte	103
 424 0193 38       		.byte	56
 425 0194 10       		.byte	16
 426 0195 10       		.byte	16
 427 0196 10       		.byte	16
 428 0197 10       		.byte	16
 429 0198 90       		.byte	-112
 430 0199 60       		.byte	96
 431 019a 02       		.byte	2
 432 019b 57       		.byte	87
 433 019c 67       		.byte	103
 434 019d 88       		.byte	-120
 435 019e 90       		.byte	-112
 436 019f A0       		.byte	-96
 437 01a0 C0       		.byte	-64
 438 01a1 A0       		.byte	-96
 439 01a2 90       		.byte	-112
 440 01a3 88       		.byte	-120
 441 01a4 02       		.byte	2
 442 01a5 57       		.byte	87
 443 01a6 67       		.byte	103
 444 01a7 80       		.byte	-128
 445 01a8 80       		.byte	-128
 446 01a9 80       		.byte	-128
 447 01aa 80       		.byte	-128
 448 01ab 80       		.byte	-128
 449 01ac 80       		.byte	-128
 450 01ad F8       		.byte	-8
 451 01ae 02       		.byte	2
 452 01af 57       		.byte	87
 453 01b0 67       		.byte	103
 454 01b1 88       		.byte	-120
 455 01b2 88       		.byte	-120
 456 01b3 D8       		.byte	-40
 457 01b4 A8       		.byte	-88
 458 01b5 88       		.byte	-120
 459 01b6 88       		.byte	-120
 460 01b7 88       		.byte	-120
 461 01b8 02       		.byte	2
 462 01b9 57       		.byte	87
 463 01ba 67       		.byte	103
 464 01bb 88       		.byte	-120
 465 01bc 88       		.byte	-120
 466 01bd C8       		.byte	-56
 467 01be A8       		.byte	-88
 468 01bf 98       		.byte	-104
 469 01c0 88       		.byte	-120
 470 01c1 88       		.byte	-120
 471 01c2 02       		.byte	2
 472 01c3 57       		.byte	87
 473 01c4 67       		.byte	103
 474 01c5 70       		.byte	112
 475 01c6 88       		.byte	-120
 476 01c7 88       		.byte	-120
 477 01c8 88       		.byte	-120
 478 01c9 88       		.byte	-120
 479 01ca 88       		.byte	-120
 480 01cb 70       		.byte	112
 481 01cc 02       		.byte	2
 482 01cd 57       		.byte	87
 483 01ce 67       		.byte	103
 484 01cf F0       		.byte	-16
 485 01d0 88       		.byte	-120
 486 01d1 88       		.byte	-120
 487 01d2 F0       		.byte	-16
 488 01d3 80       		.byte	-128
 489 01d4 80       		.byte	-128
 490 01d5 80       		.byte	-128
 491 01d6 01       		.byte	1
 492 01d7 58       		.byte	88
 493 01d8 68       		.byte	104
 494 01d9 70       		.byte	112
 495 01da 88       		.byte	-120
 496 01db 88       		.byte	-120
 497 01dc 88       		.byte	-120
 498 01dd 88       		.byte	-120
 499 01de A8       		.byte	-88
 500 01df 70       		.byte	112
 501 01e0 08       		.byte	8
 502 01e1 02       		.byte	2
 503 01e2 57       		.byte	87
 504 01e3 67       		.byte	103
 505 01e4 F0       		.byte	-16
 506 01e5 88       		.byte	-120
 507 01e6 88       		.byte	-120
 508 01e7 F0       		.byte	-16
 509 01e8 A0       		.byte	-96
 510 01e9 90       		.byte	-112
 511 01ea 88       		.byte	-120
 512 01eb 02       		.byte	2
 513 01ec 57       		.byte	87
 514 01ed 67       		.byte	103
 515 01ee 70       		.byte	112
 516 01ef 88       		.byte	-120
 517 01f0 80       		.byte	-128
 518 01f1 70       		.byte	112
 519 01f2 08       		.byte	8
 520 01f3 88       		.byte	-120
 521 01f4 70       		.byte	112
 522 01f5 02       		.byte	2
 523 01f6 57       		.byte	87
 524 01f7 67       		.byte	103
 525 01f8 F8       		.byte	-8
 526 01f9 20       		.byte	32
 527 01fa 20       		.byte	32
 528 01fb 20       		.byte	32
 529 01fc 20       		.byte	32
 530 01fd 20       		.byte	32
 531 01fe 20       		.byte	32
 532 01ff 02       		.byte	2
 533 0200 57       		.byte	87
 534 0201 67       		.byte	103
 535 0202 88       		.byte	-120
 536 0203 88       		.byte	-120
 537 0204 88       		.byte	-120
 538 0205 88       		.byte	-120
 539 0206 88       		.byte	-120
 540 0207 88       		.byte	-120
 541 0208 70       		.byte	112
 542 0209 02       		.byte	2
 543 020a 57       		.byte	87
 544 020b 67       		.byte	103
 545 020c 88       		.byte	-120
 546 020d 88       		.byte	-120
 547 020e 88       		.byte	-120
 548 020f 50       		.byte	80
 549 0210 50       		.byte	80
 550 0211 50       		.byte	80
 551 0212 20       		.byte	32
 552 0213 02       		.byte	2
 553 0214 57       		.byte	87
 554 0215 67       		.byte	103
 555 0216 88       		.byte	-120
 556 0217 88       		.byte	-120
 557 0218 88       		.byte	-120
 558 0219 A8       		.byte	-88
 559 021a A8       		.byte	-88
 560 021b D8       		.byte	-40
 561 021c 88       		.byte	-120
 562 021d 02       		.byte	2
 563 021e 57       		.byte	87
 564 021f 67       		.byte	103
 565 0220 88       		.byte	-120
 566 0221 88       		.byte	-120
 567 0222 50       		.byte	80
 568 0223 20       		.byte	32
 569 0224 50       		.byte	80
 570 0225 88       		.byte	-120
 571 0226 88       		.byte	-120
 572 0227 02       		.byte	2
 573 0228 57       		.byte	87
 574 0229 67       		.byte	103
 575 022a 88       		.byte	-120
 576 022b 88       		.byte	-120
 577 022c 50       		.byte	80
 578 022d 20       		.byte	32
 579 022e 20       		.byte	32
 580 022f 20       		.byte	32
 581 0230 20       		.byte	32
 582 0231 02       		.byte	2
 583 0232 57       		.byte	87
 584 0233 67       		.byte	103
 585 0234 F8       		.byte	-8
 586 0235 08       		.byte	8
 587 0236 10       		.byte	16
 588 0237 20       		.byte	32
 589 0238 40       		.byte	64
 590 0239 80       		.byte	-128
 591 023a F8       		.byte	-8
 592 023b 12       		.byte	18
 593 023c 37       		.byte	55
 594 023d 67       		.byte	103
 595 023e E0       		.byte	-32
 596 023f 80       		.byte	-128
 597 0240 80       		.byte	-128
 598 0241 80       		.byte	-128
 599 0242 80       		.byte	-128
 600 0243 80       		.byte	-128
 601 0244 E0       		.byte	-32
 602 0245 02       		.byte	2
 603 0246 57       		.byte	87
 604 0247 67       		.byte	103
 605 0248 80       		.byte	-128
 606 0249 80       		.byte	-128
 607 024a 40       		.byte	64
 608 024b 20       		.byte	32
 609 024c 10       		.byte	16
 610 024d 08       		.byte	8
 611 024e 08       		.byte	8
 612 024f 12       		.byte	18
 613 0250 37       		.byte	55
 614 0251 67       		.byte	103
 615 0252 E0       		.byte	-32
 616 0253 20       		.byte	32
 617 0254 20       		.byte	32
 618 0255 20       		.byte	32
 619 0256 20       		.byte	32
 620 0257 20       		.byte	32
 621 0258 E0       		.byte	-32
 622 0259 06       		.byte	6
 623 025a 53       		.byte	83
 624 025b 63       		.byte	99
 625 025c 20       		.byte	32
 626 025d 50       		.byte	80
 627 025e 88       		.byte	-120
 628 025f 01       		.byte	1
 629 0260 51       		.byte	81
 630 0261 61       		.byte	97
 631 0262 F8       		.byte	-8
 632 0263 28       		.byte	40
 633 0264 22       		.byte	34
 634 0265 62       		.byte	98
 635 0266 80       		.byte	-128
 636 0267 40       		.byte	64
 637 0268 02       		.byte	2
 638 0269 55       		.byte	85
 639 026a 65       		.byte	101
 640 026b 70       		.byte	112
 641 026c 08       		.byte	8
 642 026d 78       		.byte	120
 643 026e 88       		.byte	-120
 644 026f 78       		.byte	120
 645 0270 02       		.byte	2
 646 0271 57       		.byte	87
 647 0272 67       		.byte	103
 648 0273 80       		.byte	-128
 649 0274 80       		.byte	-128
 650 0275 B0       		.byte	-80
 651 0276 C8       		.byte	-56
 652 0277 88       		.byte	-120
 653 0278 C8       		.byte	-56
 654 0279 B0       		.byte	-80
 655 027a 02       		.byte	2
 656 027b 55       		.byte	85
 657 027c 65       		.byte	101
 658 027d 70       		.byte	112
 659 027e 88       		.byte	-120
 660 027f 80       		.byte	-128
 661 0280 88       		.byte	-120
 662 0281 70       		.byte	112
 663 0282 02       		.byte	2
 664 0283 57       		.byte	87
 665 0284 67       		.byte	103
 666 0285 08       		.byte	8
 667 0286 08       		.byte	8
 668 0287 68       		.byte	104
 669 0288 98       		.byte	-104
 670 0289 88       		.byte	-120
 671 028a 98       		.byte	-104
 672 028b 68       		.byte	104
 673 028c 02       		.byte	2
 674 028d 55       		.byte	85
 675 028e 65       		.byte	101
 676 028f 70       		.byte	112
 677 0290 88       		.byte	-120
 678 0291 F8       		.byte	-8
 679 0292 80       		.byte	-128
 680 0293 70       		.byte	112
 681 0294 02       		.byte	2
 682 0295 57       		.byte	87
 683 0296 67       		.byte	103
 684 0297 30       		.byte	48
 685 0298 48       		.byte	72
 686 0299 40       		.byte	64
 687 029a F0       		.byte	-16
 688 029b 40       		.byte	64
 689 029c 40       		.byte	64
 690 029d 40       		.byte	64
 691 029e 00       		.byte	0
 692 029f 57       		.byte	87
 693 02a0 67       		.byte	103
 694 02a1 78       		.byte	120
 695 02a2 88       		.byte	-120
 696 02a3 88       		.byte	-120
 697 02a4 78       		.byte	120
 698 02a5 08       		.byte	8
 699 02a6 88       		.byte	-120
 700 02a7 70       		.byte	112
 701 02a8 02       		.byte	2
 702 02a9 57       		.byte	87
 703 02aa 67       		.byte	103
 704 02ab 80       		.byte	-128
 705 02ac 80       		.byte	-128
 706 02ad B0       		.byte	-80
 707 02ae C8       		.byte	-56
 708 02af 88       		.byte	-120
 709 02b0 88       		.byte	-120
 710 02b1 88       		.byte	-120
 711 02b2 12       		.byte	18
 712 02b3 37       		.byte	55
 713 02b4 67       		.byte	103
 714 02b5 40       		.byte	64
 715 02b6 00       		.byte	0
 716 02b7 C0       		.byte	-64
 717 02b8 40       		.byte	64
 718 02b9 40       		.byte	64
 719 02ba 40       		.byte	64
 720 02bb E0       		.byte	-32
 721 02bc 10       		.byte	16
 722 02bd 49       		.byte	73
 723 02be 69       		.byte	105
 724 02bf 10       		.byte	16
 725 02c0 00       		.byte	0
 726 02c1 30       		.byte	48
 727 02c2 10       		.byte	16
 728 02c3 10       		.byte	16
 729 02c4 10       		.byte	16
 730 02c5 90       		.byte	-112
 731 02c6 90       		.byte	-112
 732 02c7 60       		.byte	96
 733 02c8 02       		.byte	2
 734 02c9 57       		.byte	87
 735 02ca 67       		.byte	103
 736 02cb 80       		.byte	-128
 737 02cc 80       		.byte	-128
 738 02cd 88       		.byte	-120
 739 02ce 90       		.byte	-112
 740 02cf E0       		.byte	-32
 741 02d0 90       		.byte	-112
 742 02d1 88       		.byte	-120
 743 02d2 12       		.byte	18
 744 02d3 37       		.byte	55
 745 02d4 67       		.byte	103
 746 02d5 C0       		.byte	-64
 747 02d6 40       		.byte	64
 748 02d7 40       		.byte	64
 749 02d8 40       		.byte	64
 750 02d9 40       		.byte	64
 751 02da 40       		.byte	64
 752 02db E0       		.byte	-32
 753 02dc 02       		.byte	2
 754 02dd 55       		.byte	85
 755 02de 65       		.byte	101
 756 02df D0       		.byte	-48
 757 02e0 A8       		.byte	-88
 758 02e1 A8       		.byte	-88
 759 02e2 A8       		.byte	-88
 760 02e3 88       		.byte	-120
 761 02e4 02       		.byte	2
 762 02e5 55       		.byte	85
 763 02e6 65       		.byte	101
 764 02e7 B0       		.byte	-80
 765 02e8 C8       		.byte	-56
 766 02e9 88       		.byte	-120
 767 02ea 88       		.byte	-120
 768 02eb 88       		.byte	-120
 769 02ec 02       		.byte	2
 770 02ed 55       		.byte	85
 771 02ee 65       		.byte	101
 772 02ef 70       		.byte	112
 773 02f0 88       		.byte	-120
 774 02f1 88       		.byte	-120
 775 02f2 88       		.byte	-120
 776 02f3 70       		.byte	112
 777 02f4 00       		.byte	0
 778 02f5 57       		.byte	87
 779 02f6 67       		.byte	103
 780 02f7 B0       		.byte	-80
 781 02f8 C8       		.byte	-56
 782 02f9 88       		.byte	-120
 783 02fa C8       		.byte	-56
 784 02fb B0       		.byte	-80
 785 02fc 80       		.byte	-128
 786 02fd 80       		.byte	-128
 787 02fe 00       		.byte	0
 788 02ff 57       		.byte	87
 789 0300 67       		.byte	103
 790 0301 68       		.byte	104
 791 0302 98       		.byte	-104
 792 0303 88       		.byte	-120
 793 0304 98       		.byte	-104
 794 0305 68       		.byte	104
 795 0306 08       		.byte	8
 796 0307 08       		.byte	8
 797 0308 02       		.byte	2
 798 0309 55       		.byte	85
 799 030a 65       		.byte	101
 800 030b B0       		.byte	-80
 801 030c C8       		.byte	-56
 802 030d 80       		.byte	-128
 803 030e 80       		.byte	-128
 804 030f 80       		.byte	-128
 805 0310 02       		.byte	2
 806 0311 55       		.byte	85
 807 0312 65       		.byte	101
 808 0313 70       		.byte	112
 809 0314 80       		.byte	-128
 810 0315 70       		.byte	112
 811 0316 08       		.byte	8
 812 0317 F0       		.byte	-16
 813 0318 02       		.byte	2
 814 0319 57       		.byte	87
 815 031a 67       		.byte	103
 816 031b 40       		.byte	64
 817 031c 40       		.byte	64
 818 031d F0       		.byte	-16
 819 031e 40       		.byte	64
 820 031f 40       		.byte	64
 821 0320 48       		.byte	72
 822 0321 30       		.byte	48
 823 0322 02       		.byte	2
 824 0323 55       		.byte	85
 825 0324 65       		.byte	101
 826 0325 88       		.byte	-120
 827 0326 88       		.byte	-120
 828 0327 88       		.byte	-120
 829 0328 98       		.byte	-104
 830 0329 68       		.byte	104
 831 032a 02       		.byte	2
 832 032b 55       		.byte	85
 833 032c 65       		.byte	101
 834 032d 88       		.byte	-120
 835 032e 88       		.byte	-120
 836 032f 50       		.byte	80
 837 0330 50       		.byte	80
 838 0331 20       		.byte	32
 839 0332 02       		.byte	2
 840 0333 55       		.byte	85
 841 0334 65       		.byte	101
 842 0335 88       		.byte	-120
 843 0336 88       		.byte	-120
 844 0337 A8       		.byte	-88
 845 0338 A8       		.byte	-88
 846 0339 50       		.byte	80
 847 033a 02       		.byte	2
 848 033b 55       		.byte	85
 849 033c 65       		.byte	101
 850 033d 88       		.byte	-120
 851 033e 50       		.byte	80
 852 033f 20       		.byte	32
 853 0340 50       		.byte	80
 854 0341 88       		.byte	-120
 855 0342 00       		.byte	0
 856 0343 57       		.byte	87
 857 0344 67       		.byte	103
 858 0345 88       		.byte	-120
 859 0346 88       		.byte	-120
 860 0347 98       		.byte	-104
 861 0348 68       		.byte	104
 862 0349 08       		.byte	8
 863 034a 88       		.byte	-120
 864 034b 70       		.byte	112
 865 034c 02       		.byte	2
 866 034d 55       		.byte	85
 867 034e 65       		.byte	101
 868 034f F8       		.byte	-8
 869 0350 10       		.byte	16
 870 0351 20       		.byte	32
 871 0352 40       		.byte	64
 872 0353 F8       		.byte	-8
 873 0354 12       		.byte	18
 874 0355 47       		.byte	71
 875 0356 67       		.byte	103
 876 0357 30       		.byte	48
 877 0358 40       		.byte	64
 878 0359 20       		.byte	32
 879 035a C0       		.byte	-64
 880 035b 20       		.byte	32
 881 035c 40       		.byte	64
 882 035d 30       		.byte	48
 883 035e 22       		.byte	34
 884 035f 17       		.byte	23
 885 0360 67       		.byte	103
 886 0361 80       		.byte	-128
 887 0362 80       		.byte	-128
 888 0363 80       		.byte	-128
 889 0364 80       		.byte	-128
 890 0365 80       		.byte	-128
 891 0366 80       		.byte	-128
 892 0367 80       		.byte	-128
 893 0368 12       		.byte	18
 894 0369 47       		.byte	71
 895 036a 67       		.byte	103
 896 036b C0       		.byte	-64
 897 036c 20       		.byte	32
 898 036d 40       		.byte	64
 899 036e 30       		.byte	48
 900 036f 40       		.byte	64
 901 0370 20       		.byte	32
 902 0371 C0       		.byte	-64
 903 0372 06       		.byte	6
 904 0373 53       		.byte	83
 905 0374 63       		.byte	99
 906 0375 48       		.byte	72
 907 0376 A8       		.byte	-88
 908 0377 90       		.byte	-112
 909 0378 FF       		.byte	-1
 910              		.text
 911              	.Letext0:
 912              		.file 1 "c:\\program files (x86)\\gnu tools arm embedded\\7 2017-q4-major\\arm-none-eabi\\include\
 913              		.file 2 "c:\\program files (x86)\\gnu tools arm embedded\\7 2017-q4-major\\arm-none-eabi\\include\
 914              		.file 3 "u8g/u8g.h"
 915              		.file 4 "u8g/u8g_font_6x10r.c"
DEFINED SYMBOLS
                            *ABS*:00000000 u8g_font_6x10r.c
C:\Users\BOBAFW~1\AppData\Local\Temp\ccCe4lkd.s:20     .rodata.u8g_font_6x10r:00000000 u8g_font_6x10r
C:\Users\BOBAFW~1\AppData\Local\Temp\ccCe4lkd.s:17     .rodata.u8g_font_6x10r:00000000 $d

NO UNDEFINED SYMBOLS
